C:\Users\PC_User\AppData\Local\Programs\Python\Python311\toukiAi\toukiApp\views.py changed, reloading.
couldn't import psycopg 'c' implementation: No module named 'psycopg_c'
Watching for file changes with StatReloader
C:\Users\PC_User\AppData\Local\Programs\Python\Python311\toukiAi\toukiApp\views.py changed, reloading.
couldn't import psycopg 'c' implementation: No module named 'psycopg_c'
Watching for file changes with StatReloader
C:\Users\PC_User\AppData\Local\Programs\Python\Python311\toukiAi\toukiApp\views.py changed, reloading.
couldn't import psycopg 'c' implementation: No module named 'psycopg_c'
Watching for file changes with StatReloader
Starting new HTTPS connection (1): www.land.mlit.go.jp:443
https://www.land.mlit.go.jp:443 "GET /webland/api/CitySearch?area=01 HTTP/1.1" 200 1719
Starting new HTTPS connection (1): www.land.mlit.go.jp:443
https://www.land.mlit.go.jp:443 "GET /webland/api/CitySearch?area=01 HTTP/1.1" 200 1719
Starting new HTTPS connection (1): www.googleapis.com:443
https://www.googleapis.com:443 "GET /customsearch/v1?key=AIzaSyAmeV3HS-AshtCAHWit7eAEEudyEkwtnxE&cx=9242f933284cb4535&q=01%E6%9C%AD%E5%B9%8C%E5%B8%82%20%E6%88%B8%E7%B1%8D%20%E9%83%B5%E9%80%81%E8%AB%8B%E6%B1%82 HTTP/1.1" 200 None
Starting new HTTPS connection (1): www.googleapis.com:443
https://www.googleapis.com:443 "GET /customsearch/v1?key=AIzaSyAmeV3HS-AshtCAHWit7eAEEudyEkwtnxE&cx=9242f933284cb4535&q=01%E6%9C%AD%E5%B9%8C%E5%B8%82%20%E6%88%B8%E7%B1%8D%20%E9%83%B5%E9%80%81%E8%AB%8B%E6%B1%82 HTTP/1.1" 200 None
Starting new HTTPS connection (1): www.googleapis.com:443
https://www.googleapis.com:443 "GET /customsearch/v1?key=AIzaSyAmeV3HS-AshtCAHWit7eAEEudyEkwtnxE&cx=9242f933284cb4535&q=01%E6%9C%AD%E5%B9%8C%E5%B8%82%20%E6%88%B8%E7%B1%8D%20%E9%83%B5%E9%80%81%E8%AB%8B%E6%B1%82 HTTP/1.1" 200 None
C:\Users\PC_User\AppData\Local\Programs\Python\Python311\toukiAi\toukiApp\views.py changed, reloading.
couldn't import psycopg 'c' implementation: No module named 'psycopg_c'
Watching for file changes with StatReloader
Starting new HTTPS connection (1): www.googleapis.com:443
https://www.googleapis.com:443 "GET /customsearch/v1?key=AIzaSyAmeV3HS-AshtCAHWit7eAEEudyEkwtnxE&cx=9242f933284cb4535&q=01%E6%9C%AD%E5%B9%8C%E5%B8%82%20%E6%88%B8%E7%B1%8D%20%E9%83%B5%E9%80%81%E8%AB%8B%E6%B1%82 HTTP/1.1" 200 None
Not Found: /favicon.ico
C:\Users\PC_User\AppData\Local\Programs\Python\Python311\toukiAi\toukiApp\views.py changed, reloading.
couldn't import psycopg 'c' implementation: No module named 'psycopg_c'
Watching for file changes with StatReloader
C:\Users\PC_User\AppData\Local\Programs\Python\Python311\toukiAi\toukiApp\views.py changed, reloading.
couldn't import psycopg 'c' implementation: No module named 'psycopg_c'
Watching for file changes with StatReloader
C:\Users\PC_User\AppData\Local\Programs\Python\Python311\toukiAi\toukiApp\views.py changed, reloading.
couldn't import psycopg 'c' implementation: No module named 'psycopg_c'
Watching for file changes with StatReloader
C:\Users\PC_User\AppData\Local\Programs\Python\Python311\toukiAi\toukiApp\urls.py changed, reloading.
couldn't import psycopg 'c' implementation: No module named 'psycopg_c'
Watching for file changes with StatReloader
C:\Users\PC_User\AppData\Local\Programs\Python\Python311\toukiAi\toukiApp\views.py changed, reloading.
couldn't import psycopg 'c' implementation: No module named 'psycopg_c'
Watching for file changes with StatReloader
C:\Users\PC_User\AppData\Local\Programs\Python\Python311\toukiAi\toukiApp\views.py changed, reloading.
couldn't import psycopg 'c' implementation: No module named 'psycopg_c'
Watching for file changes with StatReloader
C:\Users\PC_User\AppData\Local\Programs\Python\Python311\toukiAi\toukiApp\views.py changed, reloading.
couldn't import psycopg 'c' implementation: No module named 'psycopg_c'
Watching for file changes with StatReloader
Not Found: /favicon.ico
C:\Users\PC_User\AppData\Local\Programs\Python\Python311\toukiAi\toukiApp\views.py changed, reloading.
couldn't import psycopg 'c' implementation: No module named 'psycopg_c'
Watching for file changes with StatReloader
C:\Users\PC_User\AppData\Local\Programs\Python\Python311\toukiAi\toukiApp\views.py changed, reloading.
couldn't import psycopg 'c' implementation: No module named 'psycopg_c'
Watching for file changes with StatReloader
C:\Users\PC_User\AppData\Local\Programs\Python\Python311\toukiAi\toukiApp\views.py changed, reloading.
couldn't import psycopg 'c' implementation: No module named 'psycopg_c'
Watching for file changes with StatReloader
Internal Server Error: /toukiApp/step_division_agreement
Traceback (most recent call last):
  File "C:\Users\PC_User\AppData\Local\Programs\Python\Python311\.toukiAi\Lib\site-packages\django\core\handlers\exception.py", line 55, in inner
    response = get_response(request)
               ^^^^^^^^^^^^^^^^^^^^^
  File "C:\Users\PC_User\AppData\Local\Programs\Python\Python311\.toukiAi\Lib\site-packages\django\core\handlers\base.py", line 197, in _get_response
    response = wrapped_callback(request, *callback_args, **callback_kwargs)
               ^^^^^^^^^^^^^^^^^^^^^^^^^^^^^^^^^^^^^^^^^^^^^^^^^^^^^^^^^^^^
  File "C:\Users\PC_User\AppData\Local\Programs\Python\Python311\toukiAi\toukiApp\views.py", line 2375, in step_division_agreement
    decedent_info = get_decedent_info_for_division_agreement()
                    ^^^^^^^^^^^^^^^^^^^^^^^^^^^^^^^^^^^^^^^^^^
TypeError: get_decedent_info_for_division_agreement() missing 1 required positional argument: 'decedent'
Not Found: /favicon.ico
C:\Users\PC_User\AppData\Local\Programs\Python\Python311\toukiAi\toukiApp\views.py changed, reloading.
couldn't import psycopg 'c' implementation: No module named 'psycopg_c'
Watching for file changes with StatReloader
Internal Server Error: /toukiApp/step_division_agreement
Traceback (most recent call last):
  File "C:\Users\PC_User\AppData\Local\Programs\Python\Python311\.toukiAi\Lib\site-packages\django\core\handlers\exception.py", line 55, in inner
    response = get_response(request)
               ^^^^^^^^^^^^^^^^^^^^^
  File "C:\Users\PC_User\AppData\Local\Programs\Python\Python311\.toukiAi\Lib\site-packages\django\core\handlers\base.py", line 197, in _get_response
    response = wrapped_callback(request, *callback_args, **callback_kwargs)
               ^^^^^^^^^^^^^^^^^^^^^^^^^^^^^^^^^^^^^^^^^^^^^^^^^^^^^^^^^^^^
  File "C:\Users\PC_User\AppData\Local\Programs\Python\Python311\toukiAi\toukiApp\views.py", line 2375, in step_division_agreement
    decedent_info = get_decedent_info_for_division_agreement(decedent)
                    ^^^^^^^^^^^^^^^^^^^^^^^^^^^^^^^^^^^^^^^^^^^^^^^^^^
  File "C:\Users\PC_User\AppData\Local\Programs\Python\Python311\toukiAi\toukiApp\views.py", line 2390, in get_decedent_info_for_division_agreement
    death_date = decedent.year[:4] + "年" + decedent.month + "月" + decedent.date + "日"
                 ^^^^^^^^^^^^^
AttributeError: 'Decedent' object has no attribute 'year'
Not Found: /favicon.ico
C:\Users\PC_User\AppData\Local\Programs\Python\Python311\toukiAi\toukiApp\views.py changed, reloading.
couldn't import psycopg 'c' implementation: No module named 'psycopg_c'
Watching for file changes with StatReloader
C:\Users\PC_User\AppData\Local\Programs\Python\Python311\toukiAi\toukiApp\views.py changed, reloading.
couldn't import psycopg 'c' implementation: No module named 'psycopg_c'
Watching for file changes with StatReloader
C:\Users\PC_User\AppData\Local\Programs\Python\Python311\toukiAi\toukiApp\views.py changed, reloading.
couldn't import psycopg 'c' implementation: No module named 'psycopg_c'
Watching for file changes with StatReloader
C:\Users\PC_User\AppData\Local\Programs\Python\Python311\toukiAi\toukiApp\views.py changed, reloading.
couldn't import psycopg 'c' implementation: No module named 'psycopg_c'
Watching for file changes with StatReloader
C:\Users\PC_User\AppData\Local\Programs\Python\Python311\toukiAi\toukiApp\views.py changed, reloading.
couldn't import psycopg 'c' implementation: No module named 'psycopg_c'
Watching for file changes with StatReloader
C:\Users\PC_User\AppData\Local\Programs\Python\Python311\toukiAi\toukiApp\views.py changed, reloading.
couldn't import psycopg 'c' implementation: No module named 'psycopg_c'
Watching for file changes with StatReloader
C:\Users\PC_User\AppData\Local\Programs\Python\Python311\toukiAi\toukiApp\views.py changed, reloading.
couldn't import psycopg 'c' implementation: No module named 'psycopg_c'
Watching for file changes with StatReloader
C:\Users\PC_User\AppData\Local\Programs\Python\Python311\toukiAi\toukiApp\views.py changed, reloading.
couldn't import psycopg 'c' implementation: No module named 'psycopg_c'
Watching for file changes with StatReloader
C:\Users\PC_User\AppData\Local\Programs\Python\Python311\toukiAi\toukiApp\views.py changed, reloading.
couldn't import psycopg 'c' implementation: No module named 'psycopg_c'
Watching for file changes with StatReloader
C:\Users\PC_User\AppData\Local\Programs\Python\Python311\toukiAi\toukiApp\views.py changed, reloading.
couldn't import psycopg 'c' implementation: No module named 'psycopg_c'
Watching for file changes with StatReloader
Not Found: /favicon.ico
C:\Users\PC_User\AppData\Local\Programs\Python\Python311\toukiAi\toukiApp\views.py changed, reloading.
couldn't import psycopg 'c' implementation: No module named 'psycopg_c'
Watching for file changes with StatReloader
C:\Users\PC_User\AppData\Local\Programs\Python\Python311\toukiAi\toukiApp\views.py changed, reloading.
couldn't import psycopg 'c' implementation: No module named 'psycopg_c'
Watching for file changes with StatReloader
C:\Users\PC_User\AppData\Local\Programs\Python\Python311\toukiAi\toukiApp\views.py changed, reloading.
couldn't import psycopg 'c' implementation: No module named 'psycopg_c'
Watching for file changes with StatReloader
C:\Users\PC_User\AppData\Local\Programs\Python\Python311\toukiAi\toukiApp\views.py changed, reloading.
couldn't import psycopg 'c' implementation: No module named 'psycopg_c'
Watching for file changes with StatReloader
C:\Users\PC_User\AppData\Local\Programs\Python\Python311\toukiAi\toukiApp\views.py changed, reloading.
couldn't import psycopg 'c' implementation: No module named 'psycopg_c'
Watching for file changes with StatReloader
C:\Users\PC_User\AppData\Local\Programs\Python\Python311\toukiAi\toukiApp\views.py changed, reloading.
couldn't import psycopg 'c' implementation: No module named 'psycopg_c'
Watching for file changes with StatReloader
C:\Users\PC_User\AppData\Local\Programs\Python\Python311\toukiAi\toukiApp\views.py changed, reloading.
couldn't import psycopg 'c' implementation: No module named 'psycopg_c'
Watching for file changes with StatReloader
C:\Users\PC_User\AppData\Local\Programs\Python\Python311\toukiAi\toukiApp\views.py changed, reloading.
couldn't import psycopg 'c' implementation: No module named 'psycopg_c'
Watching for file changes with StatReloader
C:\Users\PC_User\AppData\Local\Programs\Python\Python311\toukiAi\toukiApp\views.py changed, reloading.
couldn't import psycopg 'c' implementation: No module named 'psycopg_c'
Watching for file changes with StatReloader
C:\Users\PC_User\AppData\Local\Programs\Python\Python311\toukiAi\toukiApp\views.py changed, reloading.
couldn't import psycopg 'c' implementation: No module named 'psycopg_c'
Watching for file changes with StatReloader
C:\Users\PC_User\AppData\Local\Programs\Python\Python311\toukiAi\toukiApp\views.py changed, reloading.
couldn't import psycopg 'c' implementation: No module named 'psycopg_c'
Watching for file changes with StatReloader
C:\Users\PC_User\AppData\Local\Programs\Python\Python311\toukiAi\toukiApp\views.py changed, reloading.
couldn't import psycopg 'c' implementation: No module named 'psycopg_c'
Watching for file changes with StatReloader
C:\Users\PC_User\AppData\Local\Programs\Python\Python311\toukiAi\toukiApp\views.py changed, reloading.
couldn't import psycopg 'c' implementation: No module named 'psycopg_c'
Watching for file changes with StatReloader
Internal Server Error: /toukiApp/step_division_agreement
Traceback (most recent call last):
  File "C:\Users\PC_User\AppData\Local\Programs\Python\Python311\.toukiAi\Lib\site-packages\django\core\handlers\exception.py", line 55, in inner
    response = get_response(request)
               ^^^^^^^^^^^^^^^^^^^^^
  File "C:\Users\PC_User\AppData\Local\Programs\Python\Python311\.toukiAi\Lib\site-packages\django\core\handlers\base.py", line 197, in _get_response
    response = wrapped_callback(request, *callback_args, **callback_kwargs)
               ^^^^^^^^^^^^^^^^^^^^^^^^^^^^^^^^^^^^^^^^^^^^^^^^^^^^^^^^^^^^
  File "C:\Users\PC_User\AppData\Local\Programs\Python\Python311\toukiAi\toukiApp\views.py", line 2378, in step_division_agreement
    exchange_properties = get_exchange_properties(decedent)
                          ^^^^^^^^^^^^^^^^^^^^^^^^^^^^^^^^^
  File "C:\Users\PC_User\AppData\Local\Programs\Python\Python311\toukiAi\toukiApp\views.py", line 2407, in get_exchange_properties
    acquirers_data = PropertyAcquirer.objects.fileter(decedent=decedent)
                     ^^^^^^^^^^^^^^^^^^^^^^^^^^^^^^^^
AttributeError: 'Manager' object has no attribute 'fileter'
Not Found: /favicon.ico
C:\Users\PC_User\AppData\Local\Programs\Python\Python311\toukiAi\toukiApp\views.py changed, reloading.
couldn't import psycopg 'c' implementation: No module named 'psycopg_c'
Watching for file changes with StatReloader
Not Found: /favicon.ico
C:\Users\PC_User\AppData\Local\Programs\Python\Python311\toukiAi\toukiApp\views.py changed, reloading.
couldn't import psycopg 'c' implementation: No module named 'psycopg_c'
Watching for file changes with StatReloader
C:\Users\PC_User\AppData\Local\Programs\Python\Python311\toukiAi\toukiApp\views.py changed, reloading.
couldn't import psycopg 'c' implementation: No module named 'psycopg_c'
Watching for file changes with StatReloader
C:\Users\PC_User\AppData\Local\Programs\Python\Python311\toukiAi\toukiApp\views.py changed, reloading.
couldn't import psycopg 'c' implementation: No module named 'psycopg_c'
Watching for file changes with StatReloader
C:\Users\PC_User\AppData\Local\Programs\Python\Python311\toukiAi\toukiApp\views.py changed, reloading.
couldn't import psycopg 'c' implementation: No module named 'psycopg_c'
Watching for file changes with StatReloader
C:\Users\PC_User\AppData\Local\Programs\Python\Python311\toukiAi\toukiApp\views.py changed, reloading.
couldn't import psycopg 'c' implementation: No module named 'psycopg_c'
Watching for file changes with StatReloader
C:\Users\PC_User\AppData\Local\Programs\Python\Python311\toukiAi\toukiApp\views.py changed, reloading.
couldn't import psycopg 'c' implementation: No module named 'psycopg_c'
Watching for file changes with StatReloader
Internal Server Error: /toukiApp/step_division_agreement
Traceback (most recent call last):
  File "C:\Users\PC_User\AppData\Local\Programs\Python\Python311\.toukiAi\Lib\site-packages\django\core\handlers\exception.py", line 55, in inner
    response = get_response(request)
               ^^^^^^^^^^^^^^^^^^^^^
  File "C:\Users\PC_User\AppData\Local\Programs\Python\Python311\.toukiAi\Lib\site-packages\django\core\handlers\base.py", line 197, in _get_response
    response = wrapped_callback(request, *callback_args, **callback_kwargs)
               ^^^^^^^^^^^^^^^^^^^^^^^^^^^^^^^^^^^^^^^^^^^^^^^^^^^^^^^^^^^^
  File "C:\Users\PC_User\AppData\Local\Programs\Python\Python311\toukiAi\toukiApp\views.py", line 2378, in step_division_agreement
    exchange_properties = get_exchange_properties(decedent)
                          ^^^^^^^^^^^^^^^^^^^^^^^^^^^^^^^^^
  File "C:\Users\PC_User\AppData\Local\Programs\Python\Python311\toukiAi\toukiApp\views.py", line 2423, in get_exchange_properties
    property_acquirer_name = property_acquirer_model.objects.filter(decedent=decedent, id=property_acquirer.object_id2).name
                             ^^^^^^^^^^^^^^^^^^^^^^^^^^^^^^^^^^^^^^^^^^^^^^^^^^^^^^^^^^^^^^^^^^^^^^^^^^^^^^^^^^^^^^^^^^^^^^^
AttributeError: 'QuerySet' object has no attribute 'name'
Not Found: /favicon.ico
C:\Users\PC_User\AppData\Local\Programs\Python\Python311\toukiAi\toukiApp\views.py changed, reloading.
couldn't import psycopg 'c' implementation: No module named 'psycopg_c'
Watching for file changes with StatReloader
Internal Server Error: /toukiApp/step_division_agreement
Traceback (most recent call last):
  File "C:\Users\PC_User\AppData\Local\Programs\Python\Python311\.toukiAi\Lib\site-packages\django\core\handlers\exception.py", line 55, in inner
    response = get_response(request)
               ^^^^^^^^^^^^^^^^^^^^^
  File "C:\Users\PC_User\AppData\Local\Programs\Python\Python311\.toukiAi\Lib\site-packages\django\core\handlers\base.py", line 197, in _get_response
    response = wrapped_callback(request, *callback_args, **callback_kwargs)
               ^^^^^^^^^^^^^^^^^^^^^^^^^^^^^^^^^^^^^^^^^^^^^^^^^^^^^^^^^^^^
  File "C:\Users\PC_User\AppData\Local\Programs\Python\Python311\toukiAi\toukiApp\views.py", line 2378, in step_division_agreement
    exchange_properties = get_exchange_properties(decedent)
                          ^^^^^^^^^^^^^^^^^^^^^^^^^^^^^^^^^
  File "C:\Users\PC_User\AppData\Local\Programs\Python\Python311\toukiAi\toukiApp\views.py", line 2424, in get_exchange_properties
    property_acquirer_name = property_acquirer_model.objects.filter(decedent=decedent, id=property_acquirer.object_id2).name
                             ^^^^^^^^^^^^^^^^^^^^^^^^^^^^^^^^^^^^^^^^^^^^^^^^^^^^^^^^^^^^^^^^^^^^^^^^^^^^^^^^^^^^^^^^^^^^^^^
AttributeError: 'QuerySet' object has no attribute 'name'
Not Found: /favicon.ico
C:\Users\PC_User\AppData\Local\Programs\Python\Python311\toukiAi\toukiApp\views.py changed, reloading.
couldn't import psycopg 'c' implementation: No module named 'psycopg_c'
Watching for file changes with StatReloader
Internal Server Error: /toukiApp/step_division_agreement
Traceback (most recent call last):
  File "C:\Users\PC_User\AppData\Local\Programs\Python\Python311\.toukiAi\Lib\site-packages\django\core\handlers\exception.py", line 55, in inner
    response = get_response(request)
               ^^^^^^^^^^^^^^^^^^^^^
  File "C:\Users\PC_User\AppData\Local\Programs\Python\Python311\.toukiAi\Lib\site-packages\django\core\handlers\base.py", line 197, in _get_response
    response = wrapped_callback(request, *callback_args, **callback_kwargs)
               ^^^^^^^^^^^^^^^^^^^^^^^^^^^^^^^^^^^^^^^^^^^^^^^^^^^^^^^^^^^^
  File "C:\Users\PC_User\AppData\Local\Programs\Python\Python311\toukiAi\toukiApp\views.py", line 2378, in step_division_agreement
    exchange_properties = get_exchange_properties(decedent)
                          ^^^^^^^^^^^^^^^^^^^^^^^^^^^^^^^^^
  File "C:\Users\PC_User\AppData\Local\Programs\Python\Python311\toukiAi\toukiApp\views.py", line 2425, in get_exchange_properties
    property_acquirer_name = property_acquirer_model.objects.filter(decedent=decedent, id=property_acquirer.object_id2).name
                             ^^^^^^^^^^^^^^^^^^^^^^^^^^^^^^^^^^^^^^^^^^^^^^^^^^^^^^^^^^^^^^^^^^^^^^^^^^^^^^^^^^^^^^^^^^^^^^^
AttributeError: 'QuerySet' object has no attribute 'name'
Not Found: /favicon.ico
C:\Users\PC_User\AppData\Local\Programs\Python\Python311\toukiAi\toukiApp\views.py changed, reloading.
couldn't import psycopg 'c' implementation: No module named 'psycopg_c'
Watching for file changes with StatReloader
C:\Users\PC_User\AppData\Local\Programs\Python\Python311\toukiAi\toukiApp\views.py changed, reloading.
couldn't import psycopg 'c' implementation: No module named 'psycopg_c'
Watching for file changes with StatReloader
Internal Server Error: /toukiApp/step_division_agreement
Traceback (most recent call last):
  File "C:\Users\PC_User\AppData\Local\Programs\Python\Python311\.toukiAi\Lib\site-packages\django\core\handlers\exception.py", line 55, in inner
    response = get_response(request)
               ^^^^^^^^^^^^^^^^^^^^^
  File "C:\Users\PC_User\AppData\Local\Programs\Python\Python311\.toukiAi\Lib\site-packages\django\core\handlers\base.py", line 197, in _get_response
    response = wrapped_callback(request, *callback_args, **callback_kwargs)
               ^^^^^^^^^^^^^^^^^^^^^^^^^^^^^^^^^^^^^^^^^^^^^^^^^^^^^^^^^^^^
  File "C:\Users\PC_User\AppData\Local\Programs\Python\Python311\toukiAi\toukiApp\views.py", line 2378, in step_division_agreement
    exchange_properties = get_exchange_properties(decedent)
                          ^^^^^^^^^^^^^^^^^^^^^^^^^^^^^^^^^
  File "C:\Users\PC_User\AppData\Local\Programs\Python\Python311\toukiAi\toukiApp\views.py", line 2424, in get_exchange_properties
    property_acquirers_set.add({property_acquirer_name: property_acquirer.percentage})
TypeError: unhashable type: 'dict'
Not Found: /favicon.ico
C:\Users\PC_User\AppData\Local\Programs\Python\Python311\toukiAi\toukiApp\views.py changed, reloading.
couldn't import psycopg 'c' implementation: No module named 'psycopg_c'
Watching for file changes with StatReloader
C:\Users\PC_User\AppData\Local\Programs\Python\Python311\toukiAi\toukiApp\views.py changed, reloading.
couldn't import psycopg 'c' implementation: No module named 'psycopg_c'
Watching for file changes with StatReloader
Not Found: /favicon.ico
C:\Users\PC_User\AppData\Local\Programs\Python\Python311\toukiAi\toukiApp\views.py changed, reloading.
couldn't import psycopg 'c' implementation: No module named 'psycopg_c'
Watching for file changes with StatReloader
Starting new HTTPS connection (1): www.land.mlit.go.jp:443
https://www.land.mlit.go.jp:443 "GET /webland/api/CitySearch?area=01 HTTP/1.1" 200 1719
Starting new HTTPS connection (1): www.land.mlit.go.jp:443
https://www.land.mlit.go.jp:443 "GET /webland/api/CitySearch?area=01 HTTP/1.1" 200 1719
Starting new HTTPS connection (1): www.land.mlit.go.jp:443
https://www.land.mlit.go.jp:443 "GET /webland/api/CitySearch?area=01 HTTP/1.1" 200 1719
Starting new HTTPS connection (1): www.land.mlit.go.jp:443
https://www.land.mlit.go.jp:443 "GET /webland/api/CitySearch?area=01 HTTP/1.1" 200 1719
Starting new HTTPS connection (1): www.land.mlit.go.jp:443
https://www.land.mlit.go.jp:443 "GET /webland/api/CitySearch?area=01 HTTP/1.1" 200 1719
Starting new HTTPS connection (1): www.land.mlit.go.jp:443
https://www.land.mlit.go.jp:443 "GET /webland/api/CitySearch?area=02 HTTP/1.1" 200 482
C:\Users\PC_User\AppData\Local\Programs\Python\Python311\toukiAi\toukiApp\views.py changed, reloading.
couldn't import psycopg 'c' implementation: No module named 'psycopg_c'
Watching for file changes with StatReloader
C:\Users\PC_User\AppData\Local\Programs\Python\Python311\toukiAi\toukiApp\views.py changed, reloading.
couldn't import psycopg 'c' implementation: No module named 'psycopg_c'
Watching for file changes with StatReloader
C:\Users\PC_User\AppData\Local\Programs\Python\Python311\toukiAi\toukiApp\views.py changed, reloading.
couldn't import psycopg 'c' implementation: No module named 'psycopg_c'
Watching for file changes with StatReloader
C:\Users\PC_User\AppData\Local\Programs\Python\Python311\toukiAi\toukiApp\views.py changed, reloading.
couldn't import psycopg 'c' implementation: No module named 'psycopg_c'
Watching for file changes with StatReloader
C:\Users\PC_User\AppData\Local\Programs\Python\Python311\toukiAi\toukiApp\views.py changed, reloading.
couldn't import psycopg 'c' implementation: No module named 'psycopg_c'
Watching for file changes with StatReloader
Internal Server Error: /toukiApp/step_division_agreement
Traceback (most recent call last):
  File "C:\Users\PC_User\AppData\Local\Programs\Python\Python311\.toukiAi\Lib\site-packages\django\core\handlers\exception.py", line 55, in inner
    response = get_response(request)
               ^^^^^^^^^^^^^^^^^^^^^
  File "C:\Users\PC_User\AppData\Local\Programs\Python\Python311\.toukiAi\Lib\site-packages\django\core\handlers\base.py", line 197, in _get_response
    response = wrapped_callback(request, *callback_args, **callback_kwargs)
               ^^^^^^^^^^^^^^^^^^^^^^^^^^^^^^^^^^^^^^^^^^^^^^^^^^^^^^^^^^^^
  File "C:\Users\PC_User\AppData\Local\Programs\Python\Python311\toukiAi\toukiApp\views.py", line 2378, in step_division_agreement
    exchange_properties = get_exchange_division_properties(decedent)
                          ^^^^^^^^^^^^^^^^^^^^^^^^^^^^^^^^^^^^^^^^^^
  File "C:\Users\PC_User\AppData\Local\Programs\Python\Python311\toukiAi\toukiApp\views.py", line 2424, in get_exchange_division_properties
    matched_data[(acquirer.content_type1.model, acquirer.object_id1)]['property_acquirers'][property_name] += acquirer.percentage
TypeError: unsupported operand type(s) for +=: 'int' and 'str'
Not Found: /favicon.ico
C:\Users\PC_User\AppData\Local\Programs\Python\Python311\toukiAi\toukiApp\views.py changed, reloading.
couldn't import psycopg 'c' implementation: No module named 'psycopg_c'
Watching for file changes with StatReloader
C:\Users\PC_User\AppData\Local\Programs\Python\Python311\toukiAi\toukiApp\views.py changed, reloading.
couldn't import psycopg 'c' implementation: No module named 'psycopg_c'
Watching for file changes with StatReloader
C:\Users\PC_User\AppData\Local\Programs\Python\Python311\toukiAi\toukiApp\views.py changed, reloading.
couldn't import psycopg 'c' implementation: No module named 'psycopg_c'
Watching for file changes with StatReloader
C:\Users\PC_User\AppData\Local\Programs\Python\Python311\toukiAi\toukiApp\views.py changed, reloading.
couldn't import psycopg 'c' implementation: No module named 'psycopg_c'
Watching for file changes with StatReloader
C:\Users\PC_User\AppData\Local\Programs\Python\Python311\toukiAi\toukiApp\views.py changed, reloading.
couldn't import psycopg 'c' implementation: No module named 'psycopg_c'
Watching for file changes with StatReloader
C:\Users\PC_User\AppData\Local\Programs\Python\Python311\toukiAi\toukiApp\views.py changed, reloading.
couldn't import psycopg 'c' implementation: No module named 'psycopg_c'
Watching for file changes with StatReloader
C:\Users\PC_User\AppData\Local\Programs\Python\Python311\toukiAi\toukiApp\views.py changed, reloading.
couldn't import psycopg 'c' implementation: No module named 'psycopg_c'
Watching for file changes with StatReloader
Not Found: /favicon.ico
C:\Users\PC_User\AppData\Local\Programs\Python\Python311\toukiAi\toukiApp\views.py changed, reloading.
couldn't import psycopg 'c' implementation: No module named 'psycopg_c'
Watching for file changes with StatReloader
C:\Users\PC_User\AppData\Local\Programs\Python\Python311\toukiAi\toukiApp\views.py changed, reloading.
couldn't import psycopg 'c' implementation: No module named 'psycopg_c'
Watching for file changes with StatReloader
C:\Users\PC_User\AppData\Local\Programs\Python\Python311\toukiAi\toukiApp\views.py changed, reloading.
couldn't import psycopg 'c' implementation: No module named 'psycopg_c'
Watching for file changes with StatReloader
Internal Server Error: /toukiApp/step_division_agreement
Traceback (most recent call last):
  File "C:\Users\PC_User\AppData\Local\Programs\Python\Python311\.toukiAi\Lib\site-packages\django\core\handlers\exception.py", line 55, in inner
    response = get_response(request)
               ^^^^^^^^^^^^^^^^^^^^^
  File "C:\Users\PC_User\AppData\Local\Programs\Python\Python311\.toukiAi\Lib\site-packages\django\core\handlers\base.py", line 197, in _get_response
    response = wrapped_callback(request, *callback_args, **callback_kwargs)
               ^^^^^^^^^^^^^^^^^^^^^^^^^^^^^^^^^^^^^^^^^^^^^^^^^^^^^^^^^^^^
  File "C:\Users\PC_User\AppData\Local\Programs\Python\Python311\toukiAi\toukiApp\views.py", line 2378, in step_division_agreement
    normal_division_properties = get_normal_division_properties(decedent)
                                 ^^^^^^^^^^^^^^^^^^^^^^^^^^^^^^^^^^^^^^^^
  File "C:\Users\PC_User\AppData\Local\Programs\Python\Python311\toukiAi\toukiApp\views.py", line 2416, in get_normal_division_properties
    content_type_data[(content_type1_model, object_id1)].add((name, percentage))
    ^^^^^^^^^^^^^^^^^^^^^^^^^^^^^^^^^^^^^^^^^^^^^^^^^^^^^^^^
AttributeError: 'collections.defaultdict' object has no attribute 'add'
Not Found: /favicon.ico
C:\Users\PC_User\AppData\Local\Programs\Python\Python311\toukiAi\toukiApp\views.py changed, reloading.
couldn't import psycopg 'c' implementation: No module named 'psycopg_c'
Watching for file changes with StatReloader
Internal Server Error: /toukiApp/step_division_agreement
Traceback (most recent call last):
  File "C:\Users\PC_User\AppData\Local\Programs\Python\Python311\.toukiAi\Lib\site-packages\django\core\handlers\exception.py", line 55, in inner
    response = get_response(request)
               ^^^^^^^^^^^^^^^^^^^^^
  File "C:\Users\PC_User\AppData\Local\Programs\Python\Python311\.toukiAi\Lib\site-packages\django\core\handlers\base.py", line 197, in _get_response
    response = wrapped_callback(request, *callback_args, **callback_kwargs)
               ^^^^^^^^^^^^^^^^^^^^^^^^^^^^^^^^^^^^^^^^^^^^^^^^^^^^^^^^^^^^
  File "C:\Users\PC_User\AppData\Local\Programs\Python\Python311\toukiAi\toukiApp\views.py", line 2378, in step_division_agreement
    normal_division_properties = get_normal_division_properties(decedent)
                                 ^^^^^^^^^^^^^^^^^^^^^^^^^^^^^^^^^^^^^^^^
  File "C:\Users\PC_User\AppData\Local\Programs\Python\Python311\toukiAi\toukiApp\views.py", line 2416, in get_normal_division_properties
    content_type_data[(content_type1_model, object_id1)].add((name, percentage))
    ^^^^^^^^^^^^^^^^^^^^^^^^^^^^^^^^^^^^^^^^^^^^^^^^^^^^^^^^
AttributeError: 'collections.defaultdict' object has no attribute 'add'
Not Found: /favicon.ico
C:\Users\PC_User\AppData\Local\Programs\Python\Python311\toukiAi\toukiApp\views.py changed, reloading.
couldn't import psycopg 'c' implementation: No module named 'psycopg_c'
Watching for file changes with StatReloader
C:\Users\PC_User\AppData\Local\Programs\Python\Python311\toukiAi\toukiApp\views.py changed, reloading.
couldn't import psycopg 'c' implementation: No module named 'psycopg_c'
Watching for file changes with StatReloader
C:\Users\PC_User\AppData\Local\Programs\Python\Python311\toukiAi\toukiApp\views.py changed, reloading.
couldn't import psycopg 'c' implementation: No module named 'psycopg_c'
Watching for file changes with StatReloader
C:\Users\PC_User\AppData\Local\Programs\Python\Python311\toukiAi\toukiApp\views.py changed, reloading.
couldn't import psycopg 'c' implementation: No module named 'psycopg_c'
Watching for file changes with StatReloader
C:\Users\PC_User\AppData\Local\Programs\Python\Python311\toukiAi\toukiApp\views.py changed, reloading.
couldn't import psycopg 'c' implementation: No module named 'psycopg_c'
Watching for file changes with StatReloader
C:\Users\PC_User\AppData\Local\Programs\Python\Python311\toukiAi\toukiApp\views.py changed, reloading.
couldn't import psycopg 'c' implementation: No module named 'psycopg_c'
Watching for file changes with StatReloader
Internal Server Error: /toukiApp/step_division_agreement
Traceback (most recent call last):
  File "C:\Users\PC_User\AppData\Local\Programs\Python\Python311\.toukiAi\Lib\site-packages\django\core\handlers\exception.py", line 55, in inner
    response = get_response(request)
               ^^^^^^^^^^^^^^^^^^^^^
  File "C:\Users\PC_User\AppData\Local\Programs\Python\Python311\.toukiAi\Lib\site-packages\django\core\handlers\base.py", line 197, in _get_response
    response = wrapped_callback(request, *callback_args, **callback_kwargs)
               ^^^^^^^^^^^^^^^^^^^^^^^^^^^^^^^^^^^^^^^^^^^^^^^^^^^^^^^^^^^^
  File "C:\Users\PC_User\AppData\Local\Programs\Python\Python311\toukiAi\toukiApp\views.py", line 2378, in step_division_agreement
    normal_division_properties = get_normal_division_properties(decedent)
                                 ^^^^^^^^^^^^^^^^^^^^^^^^^^^^^^^^^^^^^^^^
  File "C:\Users\PC_User\AppData\Local\Programs\Python\Python311\toukiAi\toukiApp\views.py", line 2454, in get_normal_division_properties
    for d in data:
  File "C:\Users\PC_User\AppData\Local\Programs\Python\Python311\.toukiAi\Lib\site-packages\django\db\models\query.py", line 398, in __iter__
    self._fetch_all()
  File "C:\Users\PC_User\AppData\Local\Programs\Python\Python311\.toukiAi\Lib\site-packages\django\db\models\query.py", line 1881, in _fetch_all
    self._result_cache = list(self._iterable_class(self))
                         ^^^^^^^^^^^^^^^^^^^^^^^^^^^^^^^^
  File "C:\Users\PC_User\AppData\Local\Programs\Python\Python311\.toukiAi\Lib\site-packages\django\db\models\query.py", line 91, in __iter__
    results = compiler.execute_sql(
              ^^^^^^^^^^^^^^^^^^^^^
  File "C:\Users\PC_User\AppData\Local\Programs\Python\Python311\.toukiAi\Lib\site-packages\django\db\models\sql\compiler.py", line 1549, in execute_sql
    sql, params = self.as_sql()
                  ^^^^^^^^^^^^^
  File "C:\Users\PC_User\AppData\Local\Programs\Python\Python311\.toukiAi\Lib\site-packages\django\db\models\sql\compiler.py", line 736, in as_sql
    extra_select, order_by, group_by = self.pre_sql_setup(
                                       ^^^^^^^^^^^^^^^^^^^
  File "C:\Users\PC_User\AppData\Local\Programs\Python\Python311\.toukiAi\Lib\site-packages\django\db\models\sql\compiler.py", line 84, in pre_sql_setup
    self.setup_query(with_col_aliases=with_col_aliases)
  File "C:\Users\PC_User\AppData\Local\Programs\Python\Python311\.toukiAi\Lib\site-packages\django\db\models\sql\compiler.py", line 73, in setup_query
    self.select, self.klass_info, self.annotation_col_map = self.get_select(
                                                            ^^^^^^^^^^^^^^^^
  File "C:\Users\PC_User\AppData\Local\Programs\Python\Python311\.toukiAi\Lib\site-packages\django\db\models\sql\compiler.py", line 279, in get_select
    related_klass_infos = self.get_related_selections(select, select_mask)
                          ^^^^^^^^^^^^^^^^^^^^^^^^^^^^^^^^^^^^^^^^^^^^^^^^
  File "C:\Users\PC_User\AppData\Local\Programs\Python\Python311\.toukiAi\Lib\site-packages\django\db\models\sql\compiler.py", line 1367, in get_related_selections
    raise FieldError(
django.core.exceptions.FieldError: Invalid field name(s) given in select_related: 'content_object2'. Choices are: decedent, content_type1, content_type2, created_by, updated_by
Not Found: /favicon.ico
C:\Users\PC_User\AppData\Local\Programs\Python\Python311\toukiAi\toukiApp\views.py changed, reloading.
couldn't import psycopg 'c' implementation: No module named 'psycopg_c'
Watching for file changes with StatReloader
C:\Users\PC_User\AppData\Local\Programs\Python\Python311\toukiAi\toukiApp\views.py changed, reloading.
couldn't import psycopg 'c' implementation: No module named 'psycopg_c'
Watching for file changes with StatReloader
C:\Users\PC_User\AppData\Local\Programs\Python\Python311\toukiAi\toukiApp\views.py changed, reloading.
couldn't import psycopg 'c' implementation: No module named 'psycopg_c'
Watching for file changes with StatReloader
C:\Users\PC_User\AppData\Local\Programs\Python\Python311\toukiAi\toukiApp\views.py changed, reloading.
couldn't import psycopg 'c' implementation: No module named 'psycopg_c'
Watching for file changes with StatReloader
C:\Users\PC_User\AppData\Local\Programs\Python\Python311\toukiAi\toukiApp\views.py changed, reloading.
couldn't import psycopg 'c' implementation: No module named 'psycopg_c'
Watching for file changes with StatReloader
C:\Users\PC_User\AppData\Local\Programs\Python\Python311\toukiAi\toukiApp\views.py changed, reloading.
couldn't import psycopg 'c' implementation: No module named 'psycopg_c'
Watching for file changes with StatReloader
Internal Server Error: /toukiApp/step_division_agreement
Traceback (most recent call last):
  File "C:\Users\PC_User\AppData\Local\Programs\Python\Python311\.toukiAi\Lib\site-packages\django\db\models\fields\__init__.py", line 2053, in get_prep_value
    return int(value)
           ^^^^^^^^^^
TypeError: int() argument must be a string, a bytes-like object or a real number, not 'dict'

The above exception was the direct cause of the following exception:

Traceback (most recent call last):
  File "C:\Users\PC_User\AppData\Local\Programs\Python\Python311\.toukiAi\Lib\site-packages\django\core\handlers\exception.py", line 55, in inner
    response = get_response(request)
               ^^^^^^^^^^^^^^^^^^^^^
  File "C:\Users\PC_User\AppData\Local\Programs\Python\Python311\.toukiAi\Lib\site-packages\django\core\handlers\base.py", line 197, in _get_response
    response = wrapped_callback(request, *callback_args, **callback_kwargs)
               ^^^^^^^^^^^^^^^^^^^^^^^^^^^^^^^^^^^^^^^^^^^^^^^^^^^^^^^^^^^^
  File "C:\Users\PC_User\AppData\Local\Programs\Python\Python311\toukiAi\toukiApp\views.py", line 2380, in step_division_agreement
    exchange_division_properties = get_exchange_division_properties(decedent)
                                   ^^^^^^^^^^^^^^^^^^^^^^^^^^^^^^^^^^^^^^^^^^
  File "C:\Users\PC_User\AppData\Local\Programs\Python\Python311\toukiAi\toukiApp\views.py", line 2523, in get_exchange_division_properties
    model_obj = PropertyAcquirer.objects.get(id=model_id).content_object1
                ^^^^^^^^^^^^^^^^^^^^^^^^^^^^^^^^^^^^^^^^^
  File "C:\Users\PC_User\AppData\Local\Programs\Python\Python311\.toukiAi\Lib\site-packages\django\db\models\manager.py", line 87, in manager_method
    return getattr(self.get_queryset(), name)(*args, **kwargs)
           ^^^^^^^^^^^^^^^^^^^^^^^^^^^^^^^^^^^^^^^^^^^^^^^^^^^
  File "C:\Users\PC_User\AppData\Local\Programs\Python\Python311\.toukiAi\Lib\site-packages\django\db\models\query.py", line 623, in get
    clone = self._chain() if self.query.combinator else self.filter(*args, **kwargs)
                                                        ^^^^^^^^^^^^^^^^^^^^^^^^^^^^
  File "C:\Users\PC_User\AppData\Local\Programs\Python\Python311\.toukiAi\Lib\site-packages\django\db\models\query.py", line 1436, in filter
    return self._filter_or_exclude(False, args, kwargs)
           ^^^^^^^^^^^^^^^^^^^^^^^^^^^^^^^^^^^^^^^^^^^^
  File "C:\Users\PC_User\AppData\Local\Programs\Python\Python311\.toukiAi\Lib\site-packages\django\db\models\query.py", line 1454, in _filter_or_exclude
    clone._filter_or_exclude_inplace(negate, args, kwargs)
  File "C:\Users\PC_User\AppData\Local\Programs\Python\Python311\.toukiAi\Lib\site-packages\django\db\models\query.py", line 1461, in _filter_or_exclude_inplace
    self._query.add_q(Q(*args, **kwargs))
  File "C:\Users\PC_User\AppData\Local\Programs\Python\Python311\.toukiAi\Lib\site-packages\django\db\models\sql\query.py", line 1545, in add_q
    clause, _ = self._add_q(q_object, self.used_aliases)
                ^^^^^^^^^^^^^^^^^^^^^^^^^^^^^^^^^^^^^^^^
  File "C:\Users\PC_User\AppData\Local\Programs\Python\Python311\.toukiAi\Lib\site-packages\django\db\models\sql\query.py", line 1576, in _add_q
    child_clause, needed_inner = self.build_filter(
                                 ^^^^^^^^^^^^^^^^^^
  File "C:\Users\PC_User\AppData\Local\Programs\Python\Python311\.toukiAi\Lib\site-packages\django\db\models\sql\query.py", line 1491, in build_filter
    condition = self.build_lookup(lookups, col, value)
                ^^^^^^^^^^^^^^^^^^^^^^^^^^^^^^^^^^^^^^
  File "C:\Users\PC_User\AppData\Local\Programs\Python\Python311\.toukiAi\Lib\site-packages\django\db\models\sql\query.py", line 1318, in build_lookup
    lookup = lookup_class(lhs, rhs)
             ^^^^^^^^^^^^^^^^^^^^^^
  File "C:\Users\PC_User\AppData\Local\Programs\Python\Python311\.toukiAi\Lib\site-packages\django\db\models\lookups.py", line 27, in __init__
    self.rhs = self.get_prep_lookup()
               ^^^^^^^^^^^^^^^^^^^^^^
  File "C:\Users\PC_User\AppData\Local\Programs\Python\Python311\.toukiAi\Lib\site-packages\django\db\models\lookups.py", line 341, in get_prep_lookup
    return super().get_prep_lookup()
           ^^^^^^^^^^^^^^^^^^^^^^^^^
  File "C:\Users\PC_User\AppData\Local\Programs\Python\Python311\.toukiAi\Lib\site-packages\django\db\models\lookups.py", line 85, in get_prep_lookup
    return self.lhs.output_field.get_prep_value(self.rhs)
           ^^^^^^^^^^^^^^^^^^^^^^^^^^^^^^^^^^^^^^^^^^^^^^
  File "C:\Users\PC_User\AppData\Local\Programs\Python\Python311\.toukiAi\Lib\site-packages\django\db\models\fields\__init__.py", line 2055, in get_prep_value
    raise e.__class__(
TypeError: Field 'id' expected a number but got {'bldg': 42}.
Not Found: /favicon.ico
C:\Users\PC_User\AppData\Local\Programs\Python\Python311\toukiAi\toukiApp\views.py changed, reloading.
couldn't import psycopg 'c' implementation: No module named 'psycopg_c'
Watching for file changes with StatReloader
Internal Server Error: /toukiApp/step_division_agreement
Traceback (most recent call last):
  File "C:\Users\PC_User\AppData\Local\Programs\Python\Python311\.toukiAi\Lib\site-packages\django\core\handlers\exception.py", line 55, in inner
    response = get_response(request)
               ^^^^^^^^^^^^^^^^^^^^^
  File "C:\Users\PC_User\AppData\Local\Programs\Python\Python311\.toukiAi\Lib\site-packages\django\core\handlers\base.py", line 197, in _get_response
    response = wrapped_callback(request, *callback_args, **callback_kwargs)
               ^^^^^^^^^^^^^^^^^^^^^^^^^^^^^^^^^^^^^^^^^^^^^^^^^^^^^^^^^^^^
  File "C:\Users\PC_User\AppData\Local\Programs\Python\Python311\toukiAi\toukiApp\views.py", line 2380, in step_division_agreement
    exchange_division_properties = get_exchange_division_properties(decedent)
                                   ^^^^^^^^^^^^^^^^^^^^^^^^^^^^^^^^^^^^^^^^^^
  File "C:\Users\PC_User\AppData\Local\Programs\Python\Python311\toukiAi\toukiApp\views.py", line 2506, in get_exchange_division_properties
    for model_id in value['models']:
                    ~~~~~^^^^^^^^^^
KeyError: 'models'
Not Found: /favicon.ico
C:\Users\PC_User\AppData\Local\Programs\Python\Python311\toukiAi\toukiApp\views.py changed, reloading.
couldn't import psycopg 'c' implementation: No module named 'psycopg_c'
Watching for file changes with StatReloader
C:\Users\PC_User\AppData\Local\Programs\Python\Python311\toukiAi\toukiApp\views.py changed, reloading.
couldn't import psycopg 'c' implementation: No module named 'psycopg_c'
Watching for file changes with StatReloader
C:\Users\PC_User\AppData\Local\Programs\Python\Python311\toukiAi\toukiApp\views.py changed, reloading.
couldn't import psycopg 'c' implementation: No module named 'psycopg_c'
Watching for file changes with StatReloader
Internal Server Error: /toukiApp/step_division_agreement
Traceback (most recent call last):
  File "C:\Users\PC_User\AppData\Local\Programs\Python\Python311\.toukiAi\Lib\site-packages\django\core\handlers\exception.py", line 55, in inner
    response = get_response(request)
               ^^^^^^^^^^^^^^^^^^^^^
  File "C:\Users\PC_User\AppData\Local\Programs\Python\Python311\.toukiAi\Lib\site-packages\django\core\handlers\base.py", line 197, in _get_response
    response = wrapped_callback(request, *callback_args, **callback_kwargs)
               ^^^^^^^^^^^^^^^^^^^^^^^^^^^^^^^^^^^^^^^^^^^^^^^^^^^^^^^^^^^^
  File "C:\Users\PC_User\AppData\Local\Programs\Python\Python311\toukiAi\toukiApp\views.py", line 2380, in step_division_agreement
    exchange_division_properties = get_exchange_division_properties(decedent)
                                   ^^^^^^^^^^^^^^^^^^^^^^^^^^^^^^^^^^^^^^^^^^
  File "C:\Users\PC_User\AppData\Local\Programs\Python\Python311\toukiAi\toukiApp\views.py", line 2497, in get_exchange_division_properties
    if not new_data_dict[key]['content_object']:
           ~~~~~~~~~~~~~~~~~~^^^^^^^^^^^^^^^^^^
KeyError: 'content_object'
Not Found: /favicon.ico
C:\Users\PC_User\AppData\Local\Programs\Python\Python311\toukiAi\toukiApp\views.py changed, reloading.
couldn't import psycopg 'c' implementation: No module named 'psycopg_c'
Watching for file changes with StatReloader
Internal Server Error: /toukiApp/step_division_agreement
Traceback (most recent call last):
  File "C:\Users\PC_User\AppData\Local\Programs\Python\Python311\.toukiAi\Lib\site-packages\django\db\models\fields\__init__.py", line 2053, in get_prep_value
    return int(value)
           ^^^^^^^^^^
ValueError: invalid literal for int() with base 10: 'B'

The above exception was the direct cause of the following exception:

Traceback (most recent call last):
  File "C:\Users\PC_User\AppData\Local\Programs\Python\Python311\.toukiAi\Lib\site-packages\django\core\handlers\exception.py", line 55, in inner
    response = get_response(request)
               ^^^^^^^^^^^^^^^^^^^^^
  File "C:\Users\PC_User\AppData\Local\Programs\Python\Python311\.toukiAi\Lib\site-packages\django\core\handlers\base.py", line 197, in _get_response
    response = wrapped_callback(request, *callback_args, **callback_kwargs)
               ^^^^^^^^^^^^^^^^^^^^^^^^^^^^^^^^^^^^^^^^^^^^^^^^^^^^^^^^^^^^
  File "C:\Users\PC_User\AppData\Local\Programs\Python\Python311\toukiAi\toukiApp\views.py", line 2380, in step_division_agreement
    exchange_division_properties = get_exchange_division_properties(decedent)
                                   ^^^^^^^^^^^^^^^^^^^^^^^^^^^^^^^^^^^^^^^^^^
  File "C:\Users\PC_User\AppData\Local\Programs\Python\Python311\toukiAi\toukiApp\views.py", line 2510, in get_exchange_division_properties
    model_obj = PropertyAcquirer.objects.get(id=model_id).content_object1
                ^^^^^^^^^^^^^^^^^^^^^^^^^^^^^^^^^^^^^^^^^
  File "C:\Users\PC_User\AppData\Local\Programs\Python\Python311\.toukiAi\Lib\site-packages\django\db\models\manager.py", line 87, in manager_method
    return getattr(self.get_queryset(), name)(*args, **kwargs)
           ^^^^^^^^^^^^^^^^^^^^^^^^^^^^^^^^^^^^^^^^^^^^^^^^^^^
  File "C:\Users\PC_User\AppData\Local\Programs\Python\Python311\.toukiAi\Lib\site-packages\django\db\models\query.py", line 623, in get
    clone = self._chain() if self.query.combinator else self.filter(*args, **kwargs)
                                                        ^^^^^^^^^^^^^^^^^^^^^^^^^^^^
  File "C:\Users\PC_User\AppData\Local\Programs\Python\Python311\.toukiAi\Lib\site-packages\django\db\models\query.py", line 1436, in filter
    return self._filter_or_exclude(False, args, kwargs)
           ^^^^^^^^^^^^^^^^^^^^^^^^^^^^^^^^^^^^^^^^^^^^
  File "C:\Users\PC_User\AppData\Local\Programs\Python\Python311\.toukiAi\Lib\site-packages\django\db\models\query.py", line 1454, in _filter_or_exclude
    clone._filter_or_exclude_inplace(negate, args, kwargs)
  File "C:\Users\PC_User\AppData\Local\Programs\Python\Python311\.toukiAi\Lib\site-packages\django\db\models\query.py", line 1461, in _filter_or_exclude_inplace
    self._query.add_q(Q(*args, **kwargs))
  File "C:\Users\PC_User\AppData\Local\Programs\Python\Python311\.toukiAi\Lib\site-packages\django\db\models\sql\query.py", line 1545, in add_q
    clause, _ = self._add_q(q_object, self.used_aliases)
                ^^^^^^^^^^^^^^^^^^^^^^^^^^^^^^^^^^^^^^^^
  File "C:\Users\PC_User\AppData\Local\Programs\Python\Python311\.toukiAi\Lib\site-packages\django\db\models\sql\query.py", line 1576, in _add_q
    child_clause, needed_inner = self.build_filter(
                                 ^^^^^^^^^^^^^^^^^^
  File "C:\Users\PC_User\AppData\Local\Programs\Python\Python311\.toukiAi\Lib\site-packages\django\db\models\sql\query.py", line 1491, in build_filter
    condition = self.build_lookup(lookups, col, value)
                ^^^^^^^^^^^^^^^^^^^^^^^^^^^^^^^^^^^^^^
  File "C:\Users\PC_User\AppData\Local\Programs\Python\Python311\.toukiAi\Lib\site-packages\django\db\models\sql\query.py", line 1318, in build_lookup
    lookup = lookup_class(lhs, rhs)
             ^^^^^^^^^^^^^^^^^^^^^^
  File "C:\Users\PC_User\AppData\Local\Programs\Python\Python311\.toukiAi\Lib\site-packages\django\db\models\lookups.py", line 27, in __init__
    self.rhs = self.get_prep_lookup()
               ^^^^^^^^^^^^^^^^^^^^^^
  File "C:\Users\PC_User\AppData\Local\Programs\Python\Python311\.toukiAi\Lib\site-packages\django\db\models\lookups.py", line 341, in get_prep_lookup
    return super().get_prep_lookup()
           ^^^^^^^^^^^^^^^^^^^^^^^^^
  File "C:\Users\PC_User\AppData\Local\Programs\Python\Python311\.toukiAi\Lib\site-packages\django\db\models\lookups.py", line 85, in get_prep_lookup
    return self.lhs.output_field.get_prep_value(self.rhs)
           ^^^^^^^^^^^^^^^^^^^^^^^^^^^^^^^^^^^^^^^^^^^^^^
  File "C:\Users\PC_User\AppData\Local\Programs\Python\Python311\.toukiAi\Lib\site-packages\django\db\models\fields\__init__.py", line 2055, in get_prep_value
    raise e.__class__(
ValueError: Field 'id' expected a number but got 'B'.
Not Found: /favicon.ico
C:\Users\PC_User\AppData\Local\Programs\Python\Python311\toukiAi\toukiApp\views.py changed, reloading.
couldn't import psycopg 'c' implementation: No module named 'psycopg_c'
Watching for file changes with StatReloader
C:\Users\PC_User\AppData\Local\Programs\Python\Python311\toukiAi\toukiApp\views.py changed, reloading.
couldn't import psycopg 'c' implementation: No module named 'psycopg_c'
Watching for file changes with StatReloader
C:\Users\PC_User\AppData\Local\Programs\Python\Python311\toukiAi\toukiApp\views.py changed, reloading.
couldn't import psycopg 'c' implementation: No module named 'psycopg_c'
Watching for file changes with StatReloader
C:\Users\PC_User\AppData\Local\Programs\Python\Python311\toukiAi\toukiApp\views.py changed, reloading.
couldn't import psycopg 'c' implementation: No module named 'psycopg_c'
Watching for file changes with StatReloader
C:\Users\PC_User\AppData\Local\Programs\Python\Python311\toukiAi\toukiApp\views.py changed, reloading.
couldn't import psycopg 'c' implementation: No module named 'psycopg_c'
Watching for file changes with StatReloader
Not Found: /favicon.ico
C:\Users\PC_User\AppData\Local\Programs\Python\Python311\toukiAi\toukiApp\views.py changed, reloading.
couldn't import psycopg 'c' implementation: No module named 'psycopg_c'
Watching for file changes with StatReloader
C:\Users\PC_User\AppData\Local\Programs\Python\Python311\toukiAi\toukiApp\views.py changed, reloading.
couldn't import psycopg 'c' implementation: No module named 'psycopg_c'
Watching for file changes with StatReloader
Internal Server Error: /toukiApp/step_division_agreement
Traceback (most recent call last):
  File "C:\Users\PC_User\AppData\Local\Programs\Python\Python311\.toukiAi\Lib\site-packages\django\db\models\fields\__init__.py", line 2053, in get_prep_value
    return int(value)
           ^^^^^^^^^^
ValueError: invalid literal for int() with base 10: 'B'

The above exception was the direct cause of the following exception:

Traceback (most recent call last):
  File "C:\Users\PC_User\AppData\Local\Programs\Python\Python311\.toukiAi\Lib\site-packages\django\core\handlers\exception.py", line 55, in inner
    response = get_response(request)
               ^^^^^^^^^^^^^^^^^^^^^
  File "C:\Users\PC_User\AppData\Local\Programs\Python\Python311\.toukiAi\Lib\site-packages\django\core\handlers\base.py", line 197, in _get_response
    response = wrapped_callback(request, *callback_args, **callback_kwargs)
               ^^^^^^^^^^^^^^^^^^^^^^^^^^^^^^^^^^^^^^^^^^^^^^^^^^^^^^^^^^^^
  File "C:\Users\PC_User\AppData\Local\Programs\Python\Python311\toukiAi\toukiApp\views.py", line 2380, in step_division_agreement
    exchange_division_properties = get_exchange_division_properties(decedent)
                                   ^^^^^^^^^^^^^^^^^^^^^^^^^^^^^^^^^^^^^^^^^^
  File "C:\Users\PC_User\AppData\Local\Programs\Python\Python311\toukiAi\toukiApp\views.py", line 2503, in get_exchange_division_properties
    model_obj = PropertyAcquirer.objects.get(id=model_id).content_object1
                ^^^^^^^^^^^^^^^^^^^^^^^^^^^^^^^^^^^^^^^^^
  File "C:\Users\PC_User\AppData\Local\Programs\Python\Python311\.toukiAi\Lib\site-packages\django\db\models\manager.py", line 87, in manager_method
    return getattr(self.get_queryset(), name)(*args, **kwargs)
           ^^^^^^^^^^^^^^^^^^^^^^^^^^^^^^^^^^^^^^^^^^^^^^^^^^^
  File "C:\Users\PC_User\AppData\Local\Programs\Python\Python311\.toukiAi\Lib\site-packages\django\db\models\query.py", line 623, in get
    clone = self._chain() if self.query.combinator else self.filter(*args, **kwargs)
                                                        ^^^^^^^^^^^^^^^^^^^^^^^^^^^^
  File "C:\Users\PC_User\AppData\Local\Programs\Python\Python311\.toukiAi\Lib\site-packages\django\db\models\query.py", line 1436, in filter
    return self._filter_or_exclude(False, args, kwargs)
           ^^^^^^^^^^^^^^^^^^^^^^^^^^^^^^^^^^^^^^^^^^^^
  File "C:\Users\PC_User\AppData\Local\Programs\Python\Python311\.toukiAi\Lib\site-packages\django\db\models\query.py", line 1454, in _filter_or_exclude
    clone._filter_or_exclude_inplace(negate, args, kwargs)
  File "C:\Users\PC_User\AppData\Local\Programs\Python\Python311\.toukiAi\Lib\site-packages\django\db\models\query.py", line 1461, in _filter_or_exclude_inplace
    self._query.add_q(Q(*args, **kwargs))
  File "C:\Users\PC_User\AppData\Local\Programs\Python\Python311\.toukiAi\Lib\site-packages\django\db\models\sql\query.py", line 1545, in add_q
    clause, _ = self._add_q(q_object, self.used_aliases)
                ^^^^^^^^^^^^^^^^^^^^^^^^^^^^^^^^^^^^^^^^
  File "C:\Users\PC_User\AppData\Local\Programs\Python\Python311\.toukiAi\Lib\site-packages\django\db\models\sql\query.py", line 1576, in _add_q
    child_clause, needed_inner = self.build_filter(
                                 ^^^^^^^^^^^^^^^^^^
  File "C:\Users\PC_User\AppData\Local\Programs\Python\Python311\.toukiAi\Lib\site-packages\django\db\models\sql\query.py", line 1491, in build_filter
    condition = self.build_lookup(lookups, col, value)
                ^^^^^^^^^^^^^^^^^^^^^^^^^^^^^^^^^^^^^^
  File "C:\Users\PC_User\AppData\Local\Programs\Python\Python311\.toukiAi\Lib\site-packages\django\db\models\sql\query.py", line 1318, in build_lookup
    lookup = lookup_class(lhs, rhs)
             ^^^^^^^^^^^^^^^^^^^^^^
  File "C:\Users\PC_User\AppData\Local\Programs\Python\Python311\.toukiAi\Lib\site-packages\django\db\models\lookups.py", line 27, in __init__
    self.rhs = self.get_prep_lookup()
               ^^^^^^^^^^^^^^^^^^^^^^
  File "C:\Users\PC_User\AppData\Local\Programs\Python\Python311\.toukiAi\Lib\site-packages\django\db\models\lookups.py", line 341, in get_prep_lookup
    return super().get_prep_lookup()
           ^^^^^^^^^^^^^^^^^^^^^^^^^
  File "C:\Users\PC_User\AppData\Local\Programs\Python\Python311\.toukiAi\Lib\site-packages\django\db\models\lookups.py", line 85, in get_prep_lookup
    return self.lhs.output_field.get_prep_value(self.rhs)
           ^^^^^^^^^^^^^^^^^^^^^^^^^^^^^^^^^^^^^^^^^^^^^^
  File "C:\Users\PC_User\AppData\Local\Programs\Python\Python311\.toukiAi\Lib\site-packages\django\db\models\fields\__init__.py", line 2055, in get_prep_value
    raise e.__class__(
ValueError: Field 'id' expected a number but got 'B'.
Not Found: /favicon.ico
C:\Users\PC_User\AppData\Local\Programs\Python\Python311\toukiAi\toukiApp\views.py changed, reloading.
couldn't import psycopg 'c' implementation: No module named 'psycopg_c'
Watching for file changes with StatReloader
C:\Users\PC_User\AppData\Local\Programs\Python\Python311\toukiAi\toukiApp\views.py changed, reloading.
couldn't import psycopg 'c' implementation: No module named 'psycopg_c'
Watching for file changes with StatReloader
C:\Users\PC_User\AppData\Local\Programs\Python\Python311\toukiAi\toukiApp\views.py changed, reloading.
couldn't import psycopg 'c' implementation: No module named 'psycopg_c'
Watching for file changes with StatReloader
Not Found: /favicon.ico
C:\Users\PC_User\AppData\Local\Programs\Python\Python311\toukiAi\toukiApp\views.py changed, reloading.
couldn't import psycopg 'c' implementation: No module named 'psycopg_c'
Watching for file changes with StatReloader
C:\Users\PC_User\AppData\Local\Programs\Python\Python311\toukiAi\toukiApp\views.py changed, reloading.
couldn't import psycopg 'c' implementation: No module named 'psycopg_c'
Watching for file changes with StatReloader
Starting new HTTPS connection (1): www.land.mlit.go.jp:443
https://www.land.mlit.go.jp:443 "GET /webland/api/CitySearch?area=01 HTTP/1.1" 200 1719
Starting new HTTPS connection (1): www.land.mlit.go.jp:443
https://www.land.mlit.go.jp:443 "GET /webland/api/CitySearch?area=01 HTTP/1.1" 200 1719
Starting new HTTPS connection (1): www.land.mlit.go.jp:443
https://www.land.mlit.go.jp:443 "GET /webland/api/CitySearch?area=01 HTTP/1.1" 200 1719
Starting new HTTPS connection (1): www.land.mlit.go.jp:443
https://www.land.mlit.go.jp:443 "GET /webland/api/CitySearch?area=01 HTTP/1.1" 200 1719
Starting new HTTPS connection (1): www.land.mlit.go.jp:443
https://www.land.mlit.go.jp:443 "GET /webland/api/CitySearch?area=01 HTTP/1.1" 200 1719
Starting new HTTPS connection (1): www.land.mlit.go.jp:443
https://www.land.mlit.go.jp:443 "GET /webland/api/CitySearch?area=02 HTTP/1.1" 200 482
Starting new HTTPS connection (1): www.land.mlit.go.jp:443
https://www.land.mlit.go.jp:443 "GET /webland/api/CitySearch?area=01 HTTP/1.1" 200 1719
Starting new HTTPS connection (1): www.land.mlit.go.jp:443
https://www.land.mlit.go.jp:443 "GET /webland/api/CitySearch?area=01 HTTP/1.1" 200 1719
Starting new HTTPS connection (1): www.land.mlit.go.jp:443
https://www.land.mlit.go.jp:443 "GET /webland/api/CitySearch?area=01 HTTP/1.1" 200 1719
Starting new HTTPS connection (1): www.land.mlit.go.jp:443
https://www.land.mlit.go.jp:443 "GET /webland/api/CitySearch?area=01 HTTP/1.1" 200 1719
Starting new HTTPS connection (1): www.land.mlit.go.jp:443
https://www.land.mlit.go.jp:443 "GET /webland/api/CitySearch?area=01 HTTP/1.1" 200 1719
Starting new HTTPS connection (1): www.land.mlit.go.jp:443
https://www.land.mlit.go.jp:443 "GET /webland/api/CitySearch?area=02 HTTP/1.1" 200 482
Starting new HTTPS connection (1): www.land.mlit.go.jp:443
https://www.land.mlit.go.jp:443 "GET /webland/api/CitySearch?area=01 HTTP/1.1" 200 1719
Starting new HTTPS connection (1): www.land.mlit.go.jp:443
https://www.land.mlit.go.jp:443 "GET /webland/api/CitySearch?area=01 HTTP/1.1" 200 1719
Starting new HTTPS connection (1): www.land.mlit.go.jp:443
https://www.land.mlit.go.jp:443 "GET /webland/api/CitySearch?area=01 HTTP/1.1" 200 1719
Starting new HTTPS connection (1): www.land.mlit.go.jp:443
https://www.land.mlit.go.jp:443 "GET /webland/api/CitySearch?area=01 HTTP/1.1" 200 1719
Starting new HTTPS connection (1): www.land.mlit.go.jp:443
https://www.land.mlit.go.jp:443 "GET /webland/api/CitySearch?area=01 HTTP/1.1" 200 1719
Starting new HTTPS connection (1): www.land.mlit.go.jp:443
https://www.land.mlit.go.jp:443 "GET /webland/api/CitySearch?area=02 HTTP/1.1" 200 482
C:\Users\PC_User\AppData\Local\Programs\Python\Python311\toukiAi\toukiApp\urls.py changed, reloading.
couldn't import psycopg 'c' implementation: No module named 'psycopg_c'
Watching for file changes with StatReloader
C:\Users\PC_User\AppData\Local\Programs\Python\Python311\toukiAi\toukiApp\urls.py changed, reloading.
couldn't import psycopg 'c' implementation: No module named 'psycopg_c'
Watching for file changes with StatReloader
C:\Users\PC_User\AppData\Local\Programs\Python\Python311\toukiAi\toukiApp\views.py changed, reloading.
couldn't import psycopg 'c' implementation: No module named 'psycopg_c'
Watching for file changes with StatReloader
C:\Users\PC_User\AppData\Local\Programs\Python\Python311\toukiAi\toukiApp\views.py changed, reloading.
couldn't import psycopg 'c' implementation: No module named 'psycopg_c'
Watching for file changes with StatReloader
C:\Users\PC_User\AppData\Local\Programs\Python\Python311\toukiAi\toukiApp\views.py changed, reloading.
couldn't import psycopg 'c' implementation: No module named 'psycopg_c'
Watching for file changes with StatReloader
C:\Users\PC_User\AppData\Local\Programs\Python\Python311\toukiAi\toukiApp\views.py changed, reloading.
couldn't import psycopg 'c' implementation: No module named 'psycopg_c'
Watching for file changes with StatReloader
C:\Users\PC_User\AppData\Local\Programs\Python\Python311\toukiAi\toukiApp\views.py changed, reloading.
couldn't import psycopg 'c' implementation: No module named 'psycopg_c'
Watching for file changes with StatReloader
C:\Users\PC_User\AppData\Local\Programs\Python\Python311\toukiAi\toukiApp\views.py changed, reloading.
couldn't import psycopg 'c' implementation: No module named 'psycopg_c'
Watching for file changes with StatReloader
C:\Users\PC_User\AppData\Local\Programs\Python\Python311\toukiAi\toukiApp\views.py changed, reloading.
couldn't import psycopg 'c' implementation: No module named 'psycopg_c'
Watching for file changes with StatReloader
C:\Users\PC_User\AppData\Local\Programs\Python\Python311\toukiAi\toukiApp\views.py changed, reloading.
couldn't import psycopg 'c' implementation: No module named 'psycopg_c'
Watching for file changes with StatReloader
C:\Users\PC_User\AppData\Local\Programs\Python\Python311\toukiAi\toukiApp\views.py changed, reloading.
couldn't import psycopg 'c' implementation: No module named 'psycopg_c'
Watching for file changes with StatReloader
C:\Users\PC_User\AppData\Local\Programs\Python\Python311\toukiAi\toukiApp\views.py changed, reloading.
couldn't import psycopg 'c' implementation: No module named 'psycopg_c'
Watching for file changes with StatReloader
C:\Users\PC_User\AppData\Local\Programs\Python\Python311\toukiAi\toukiApp\views.py changed, reloading.
couldn't import psycopg 'c' implementation: No module named 'psycopg_c'
Watching for file changes with StatReloader
C:\Users\PC_User\AppData\Local\Programs\Python\Python311\toukiAi\toukiApp\views.py changed, reloading.
couldn't import psycopg 'c' implementation: No module named 'psycopg_c'
Watching for file changes with StatReloader
C:\Users\PC_User\AppData\Local\Programs\Python\Python311\toukiAi\toukiApp\views.py changed, reloading.
couldn't import psycopg 'c' implementation: No module named 'psycopg_c'
Watching for file changes with StatReloader
C:\Users\PC_User\AppData\Local\Programs\Python\Python311\toukiAi\toukiApp\views.py changed, reloading.
couldn't import psycopg 'c' implementation: No module named 'psycopg_c'
Watching for file changes with StatReloader
C:\Users\PC_User\AppData\Local\Programs\Python\Python311\toukiAi\toukiApp\views.py changed, reloading.
couldn't import psycopg 'c' implementation: No module named 'psycopg_c'
Watching for file changes with StatReloader
C:\Users\PC_User\AppData\Local\Programs\Python\Python311\toukiAi\toukiApp\views.py changed, reloading.
couldn't import psycopg 'c' implementation: No module named 'psycopg_c'
Watching for file changes with StatReloader
C:\Users\PC_User\AppData\Local\Programs\Python\Python311\toukiAi\toukiApp\views.py changed, reloading.
couldn't import psycopg 'c' implementation: No module named 'psycopg_c'
Watching for file changes with StatReloader
C:\Users\PC_User\AppData\Local\Programs\Python\Python311\toukiAi\toukiApp\views.py changed, reloading.
couldn't import psycopg 'c' implementation: No module named 'psycopg_c'
Watching for file changes with StatReloader
Internal Server Error: /toukiApp/step_application_form
Traceback (most recent call last):
  File "C:\Users\PC_User\AppData\Local\Programs\Python\Python311\.toukiAi\Lib\site-packages\django\core\handlers\exception.py", line 55, in inner
    response = get_response(request)
               ^^^^^^^^^^^^^^^^^^^^^
  File "C:\Users\PC_User\AppData\Local\Programs\Python\Python311\.toukiAi\Lib\site-packages\django\core\handlers\base.py", line 197, in _get_response
    response = wrapped_callback(request, *callback_args, **callback_kwargs)
               ^^^^^^^^^^^^^^^^^^^^^^^^^^^^^^^^^^^^^^^^^^^^^^^^^^^^^^^^^^^^
  File "C:\Users\PC_User\AppData\Local\Programs\Python\Python311\toukiAi\toukiApp\views.py", line 2623, in step_application_form
    return render(request, "toukiApp/application_form.html", context)
           ^^^^^^^^^^^^^^^^^^^^^^^^^^^^^^^^^^^^^^^^^^^^^^^^^^^^^^^^^^
  File "C:\Users\PC_User\AppData\Local\Programs\Python\Python311\.toukiAi\Lib\site-packages\django\shortcuts.py", line 24, in render
    content = loader.render_to_string(template_name, context, request, using=using)
              ^^^^^^^^^^^^^^^^^^^^^^^^^^^^^^^^^^^^^^^^^^^^^^^^^^^^^^^^^^^^^^^^^^^^^
  File "C:\Users\PC_User\AppData\Local\Programs\Python\Python311\.toukiAi\Lib\site-packages\django\template\loader.py", line 61, in render_to_string
    template = get_template(template_name, using=using)
               ^^^^^^^^^^^^^^^^^^^^^^^^^^^^^^^^^^^^^^^^
  File "C:\Users\PC_User\AppData\Local\Programs\Python\Python311\.toukiAi\Lib\site-packages\django\template\loader.py", line 19, in get_template
    raise TemplateDoesNotExist(template_name, chain=chain)
django.template.exceptions.TemplateDoesNotExist: toukiApp/application_form.html
Not Found: /favicon.ico
C:\Users\PC_User\AppData\Local\Programs\Python\Python311\toukiAi\toukiApp\views.py changed, reloading.
couldn't import psycopg 'c' implementation: No module named 'psycopg_c'
Watching for file changes with StatReloader
C:\Users\PC_User\AppData\Local\Programs\Python\Python311\toukiAi\toukiApp\views.py changed, reloading.
couldn't import psycopg 'c' implementation: No module named 'psycopg_c'
Watching for file changes with StatReloader
C:\Users\PC_User\AppData\Local\Programs\Python\Python311\toukiAi\toukiApp\views.py changed, reloading.
couldn't import psycopg 'c' implementation: No module named 'psycopg_c'
Watching for file changes with StatReloader
C:\Users\PC_User\AppData\Local\Programs\Python\Python311\toukiAi\toukiApp\views.py changed, reloading.
couldn't import psycopg 'c' implementation: No module named 'psycopg_c'
Watching for file changes with StatReloader
C:\Users\PC_User\AppData\Local\Programs\Python\Python311\toukiAi\toukiApp\views.py changed, reloading.
couldn't import psycopg 'c' implementation: No module named 'psycopg_c'
Watching for file changes with StatReloader
C:\Users\PC_User\AppData\Local\Programs\Python\Python311\toukiAi\toukiApp\views.py changed, reloading.
couldn't import psycopg 'c' implementation: No module named 'psycopg_c'
Watching for file changes with StatReloader
Starting new HTTPS connection (1): www.land.mlit.go.jp:443
https://www.land.mlit.go.jp:443 "GET /webland/api/CitySearch?area=01 HTTP/1.1" 200 1719
Starting new HTTPS connection (1): www.land.mlit.go.jp:443
https://www.land.mlit.go.jp:443 "GET /webland/api/CitySearch?area=01 HTTP/1.1" 200 1719
Starting new HTTPS connection (1): www.land.mlit.go.jp:443
https://www.land.mlit.go.jp:443 "GET /webland/api/CitySearch?area=01 HTTP/1.1" 200 1719
Starting new HTTPS connection (1): www.land.mlit.go.jp:443
https://www.land.mlit.go.jp:443 "GET /webland/api/CitySearch?area=01 HTTP/1.1" 200 1719
Starting new HTTPS connection (1): www.land.mlit.go.jp:443
https://www.land.mlit.go.jp:443 "GET /webland/api/CitySearch?area=01 HTTP/1.1" 200 1719
Starting new HTTPS connection (1): www.land.mlit.go.jp:443
https://www.land.mlit.go.jp:443 "GET /webland/api/CitySearch?area=02 HTTP/1.1" 200 482
C:\Users\PC_User\AppData\Local\Programs\Python\Python311\toukiAi\toukiApp\views.py changed, reloading.
couldn't import psycopg 'c' implementation: No module named 'psycopg_c'
Watching for file changes with StatReloader
C:\Users\PC_User\AppData\Local\Programs\Python\Python311\toukiAi\toukiApp\views.py changed, reloading.
couldn't import psycopg 'c' implementation: No module named 'psycopg_c'
Watching for file changes with StatReloader
C:\Users\PC_User\AppData\Local\Programs\Python\Python311\toukiAi\toukiApp\views.py changed, reloading.
couldn't import psycopg 'c' implementation: No module named 'psycopg_c'
Watching for file changes with StatReloader
C:\Users\PC_User\AppData\Local\Programs\Python\Python311\toukiAi\toukiApp\views.py changed, reloading.
couldn't import psycopg 'c' implementation: No module named 'psycopg_c'
Watching for file changes with StatReloader
C:\Users\PC_User\AppData\Local\Programs\Python\Python311\toukiAi\toukiApp\views.py changed, reloading.
couldn't import psycopg 'c' implementation: No module named 'psycopg_c'
Watching for file changes with StatReloader
C:\Users\PC_User\AppData\Local\Programs\Python\Python311\toukiAi\toukiApp\views.py changed, reloading.
couldn't import psycopg 'c' implementation: No module named 'psycopg_c'
Watching for file changes with StatReloader
C:\Users\PC_User\AppData\Local\Programs\Python\Python311\toukiAi\toukiApp\views.py changed, reloading.
couldn't import psycopg 'c' implementation: No module named 'psycopg_c'
Watching for file changes with StatReloader
C:\Users\PC_User\AppData\Local\Programs\Python\Python311\toukiAi\toukiApp\views.py changed, reloading.
couldn't import psycopg 'c' implementation: No module named 'psycopg_c'
Watching for file changes with StatReloader
Not Found: /favicon.ico
C:\Users\PC_User\AppData\Local\Programs\Python\Python311\toukiAi\toukiApp\views.py changed, reloading.
couldn't import psycopg 'c' implementation: No module named 'psycopg_c'
Watching for file changes with StatReloader
C:\Users\PC_User\AppData\Local\Programs\Python\Python311\toukiAi\toukiApp\views.py changed, reloading.
couldn't import psycopg 'c' implementation: No module named 'psycopg_c'
Watching for file changes with StatReloader
C:\Users\PC_User\AppData\Local\Programs\Python\Python311\toukiAi\toukiApp\views.py changed, reloading.
couldn't import psycopg 'c' implementation: No module named 'psycopg_c'
Watching for file changes with StatReloader
C:\Users\PC_User\AppData\Local\Programs\Python\Python311\toukiAi\toukiApp\views.py changed, reloading.
couldn't import psycopg 'c' implementation: No module named 'psycopg_c'
Watching for file changes with StatReloader
C:\Users\PC_User\AppData\Local\Programs\Python\Python311\toukiAi\toukiApp\views.py changed, reloading.
couldn't import psycopg 'c' implementation: No module named 'psycopg_c'
Watching for file changes with StatReloader
C:\Users\PC_User\AppData\Local\Programs\Python\Python311\toukiAi\toukiApp\views.py changed, reloading.
couldn't import psycopg 'c' implementation: No module named 'psycopg_c'
Watching for file changes with StatReloader
C:\Users\PC_User\AppData\Local\Programs\Python\Python311\toukiAi\toukiApp\views.py changed, reloading.
couldn't import psycopg 'c' implementation: No module named 'psycopg_c'
Watching for file changes with StatReloader
C:\Users\PC_User\AppData\Local\Programs\Python\Python311\toukiAi\toukiApp\views.py changed, reloading.
couldn't import psycopg 'c' implementation: No module named 'psycopg_c'
Watching for file changes with StatReloader
C:\Users\PC_User\AppData\Local\Programs\Python\Python311\toukiAi\toukiApp\views.py changed, reloading.
couldn't import psycopg 'c' implementation: No module named 'psycopg_c'
Watching for file changes with StatReloader
C:\Users\PC_User\AppData\Local\Programs\Python\Python311\toukiAi\toukiApp\views.py changed, reloading.
couldn't import psycopg 'c' implementation: No module named 'psycopg_c'
Watching for file changes with StatReloader
C:\Users\PC_User\AppData\Local\Programs\Python\Python311\toukiAi\toukiApp\views.py changed, reloading.
couldn't import psycopg 'c' implementation: No module named 'psycopg_c'
Watching for file changes with StatReloader
C:\Users\PC_User\AppData\Local\Programs\Python\Python311\toukiAi\toukiApp\views.py changed, reloading.
couldn't import psycopg 'c' implementation: No module named 'psycopg_c'
Watching for file changes with StatReloader
C:\Users\PC_User\AppData\Local\Programs\Python\Python311\toukiAi\toukiApp\views.py changed, reloading.
couldn't import psycopg 'c' implementation: No module named 'psycopg_c'
Watching for file changes with StatReloader
C:\Users\PC_User\AppData\Local\Programs\Python\Python311\toukiAi\toukiApp\views.py changed, reloading.
couldn't import psycopg 'c' implementation: No module named 'psycopg_c'
Watching for file changes with StatReloader
C:\Users\PC_User\AppData\Local\Programs\Python\Python311\toukiAi\toukiApp\views.py changed, reloading.
couldn't import psycopg 'c' implementation: No module named 'psycopg_c'
Watching for file changes with StatReloader
C:\Users\PC_User\AppData\Local\Programs\Python\Python311\toukiAi\toukiApp\views.py changed, reloading.
couldn't import psycopg 'c' implementation: No module named 'psycopg_c'
Watching for file changes with StatReloader
C:\Users\PC_User\AppData\Local\Programs\Python\Python311\toukiAi\toukiApp\views.py changed, reloading.
couldn't import psycopg 'c' implementation: No module named 'psycopg_c'
Watching for file changes with StatReloader
C:\Users\PC_User\AppData\Local\Programs\Python\Python311\toukiAi\toukiApp\views.py changed, reloading.
couldn't import psycopg 'c' implementation: No module named 'psycopg_c'
Watching for file changes with StatReloader
C:\Users\PC_User\AppData\Local\Programs\Python\Python311\toukiAi\toukiApp\views.py changed, reloading.
couldn't import psycopg 'c' implementation: No module named 'psycopg_c'
Watching for file changes with StatReloader
C:\Users\PC_User\AppData\Local\Programs\Python\Python311\toukiAi\toukiApp\views.py changed, reloading.
couldn't import psycopg 'c' implementation: No module named 'psycopg_c'
Watching for file changes with StatReloader
C:\Users\PC_User\AppData\Local\Programs\Python\Python311\toukiAi\toukiApp\views.py changed, reloading.
couldn't import psycopg 'c' implementation: No module named 'psycopg_c'
Watching for file changes with StatReloader
C:\Users\PC_User\AppData\Local\Programs\Python\Python311\toukiAi\toukiApp\views.py changed, reloading.
couldn't import psycopg 'c' implementation: No module named 'psycopg_c'
Watching for file changes with StatReloader
C:\Users\PC_User\AppData\Local\Programs\Python\Python311\toukiAi\toukiApp\views.py changed, reloading.
couldn't import psycopg 'c' implementation: No module named 'psycopg_c'
Watching for file changes with StatReloader
C:\Users\PC_User\AppData\Local\Programs\Python\Python311\toukiAi\toukiApp\views.py changed, reloading.
couldn't import psycopg 'c' implementation: No module named 'psycopg_c'
Watching for file changes with StatReloader
C:\Users\PC_User\AppData\Local\Programs\Python\Python311\toukiAi\toukiApp\views.py changed, reloading.
couldn't import psycopg 'c' implementation: No module named 'psycopg_c'
Watching for file changes with StatReloader
C:\Users\PC_User\AppData\Local\Programs\Python\Python311\toukiAi\toukiApp\views.py changed, reloading.
couldn't import psycopg 'c' implementation: No module named 'psycopg_c'
Watching for file changes with StatReloader
C:\Users\PC_User\AppData\Local\Programs\Python\Python311\toukiAi\toukiApp\views.py changed, reloading.
couldn't import psycopg 'c' implementation: No module named 'psycopg_c'
Watching for file changes with StatReloader
C:\Users\PC_User\AppData\Local\Programs\Python\Python311\toukiAi\toukiApp\views.py changed, reloading.
couldn't import psycopg 'c' implementation: No module named 'psycopg_c'
Watching for file changes with StatReloader
C:\Users\PC_User\AppData\Local\Programs\Python\Python311\toukiAi\toukiApp\views.py changed, reloading.
couldn't import psycopg 'c' implementation: No module named 'psycopg_c'
Watching for file changes with StatReloader
C:\Users\PC_User\AppData\Local\Programs\Python\Python311\toukiAi\toukiApp\views.py changed, reloading.
couldn't import psycopg 'c' implementation: No module named 'psycopg_c'
Watching for file changes with StatReloader
C:\Users\PC_User\AppData\Local\Programs\Python\Python311\toukiAi\toukiApp\views.py changed, reloading.
couldn't import psycopg 'c' implementation: No module named 'psycopg_c'
Watching for file changes with StatReloader
C:\Users\PC_User\AppData\Local\Programs\Python\Python311\toukiAi\toukiApp\views.py changed, reloading.
couldn't import psycopg 'c' implementation: No module named 'psycopg_c'
Watching for file changes with StatReloader
エラー発生箇所:step_division_agreement
        開発者メッセージ:None
        詳細：unhashable type: 'dict_keys'
        user_id:2
        発生時刻：2024-03-29 03:21:38
        経路:Traceback (most recent call last):
  File "C:\Users\PC_User\AppData\Local\Programs\Python\Python311\toukiAi\toukiApp\views.py", line 2383, in step_division_agreement
    exchange_division_properties = get_exchange_division_properties(decedent)
                                   ^^^^^^^^^^^^^^^^^^^^^^^^^^^^^^^^^^^^^^^^^^
  File "C:\Users\PC_User\AppData\Local\Programs\Python\Python311\toukiAi\toukiApp\views.py", line 2613, in get_exchange_division_properties
    raise e
  File "C:\Users\PC_User\AppData\Local\Programs\Python\Python311\toukiAi\toukiApp\views.py", line 2602, in get_exchange_division_properties
    unique_exchange_data = get_unique_exchange_data(base_exchange_data)
                           ^^^^^^^^^^^^^^^^^^^^^^^^^^^^^^^^^^^^^^^^^^^^
  File "C:\Users\PC_User\AppData\Local\Programs\Python\Python311\toukiAi\toukiApp\views.py", line 2530, in get_unique_exchange_data
    property_acquirers_dict = {item.keys(): item.values() for item in property_acquirers}
                              ^^^^^^^^^^^^^^^^^^^^^^^^^^^^^^^^^^^^^^^^^^^^^^^^^^^^^^^^^^^
  File "C:\Users\PC_User\AppData\Local\Programs\Python\Python311\toukiAi\toukiApp\views.py", line 2530, in <dictcomp>
    property_acquirers_dict = {item.keys(): item.values() for item in property_acquirers}
                              ^^^^^^^^^^^^^^^^^^^^^^^^^^^^^^^^^^^^^^^^^^^^^^^^^^^^^^^^^^^
TypeError: unhashable type: 'dict_keys'

Internal Server Error: /toukiApp/step_division_agreement
Not Found: /favicon.ico
C:\Users\PC_User\AppData\Local\Programs\Python\Python311\toukiAi\toukiApp\views.py changed, reloading.
couldn't import psycopg 'c' implementation: No module named 'psycopg_c'
Watching for file changes with StatReloader
C:\Users\PC_User\AppData\Local\Programs\Python\Python311\toukiAi\toukiApp\views.py changed, reloading.
couldn't import psycopg 'c' implementation: No module named 'psycopg_c'
Watching for file changes with StatReloader
C:\Users\PC_User\AppData\Local\Programs\Python\Python311\toukiAi\toukiApp\views.py changed, reloading.
couldn't import psycopg 'c' implementation: No module named 'psycopg_c'
Watching for file changes with StatReloader
C:\Users\PC_User\AppData\Local\Programs\Python\Python311\toukiAi\toukiApp\views.py changed, reloading.
couldn't import psycopg 'c' implementation: No module named 'psycopg_c'
Watching for file changes with StatReloader
C:\Users\PC_User\AppData\Local\Programs\Python\Python311\toukiAi\toukiApp\views.py changed, reloading.
couldn't import psycopg 'c' implementation: No module named 'psycopg_c'
Watching for file changes with StatReloader
C:\Users\PC_User\AppData\Local\Programs\Python\Python311\toukiAi\toukiApp\views.py changed, reloading.
couldn't import psycopg 'c' implementation: No module named 'psycopg_c'
Watching for file changes with StatReloader
C:\Users\PC_User\AppData\Local\Programs\Python\Python311\toukiAi\toukiApp\views.py changed, reloading.
couldn't import psycopg 'c' implementation: No module named 'psycopg_c'
Watching for file changes with StatReloader
C:\Users\PC_User\AppData\Local\Programs\Python\Python311\toukiAi\toukiApp\views.py changed, reloading.
couldn't import psycopg 'c' implementation: No module named 'psycopg_c'
Watching for file changes with StatReloader
C:\Users\PC_User\AppData\Local\Programs\Python\Python311\toukiAi\toukiApp\views.py changed, reloading.
couldn't import psycopg 'c' implementation: No module named 'psycopg_c'
Watching for file changes with StatReloader
C:\Users\PC_User\AppData\Local\Programs\Python\Python311\toukiAi\toukiApp\views.py changed, reloading.
couldn't import psycopg 'c' implementation: No module named 'psycopg_c'
Watching for file changes with StatReloader
C:\Users\PC_User\AppData\Local\Programs\Python\Python311\toukiAi\toukiApp\views.py changed, reloading.
couldn't import psycopg 'c' implementation: No module named 'psycopg_c'
Watching for file changes with StatReloader
C:\Users\PC_User\AppData\Local\Programs\Python\Python311\toukiAi\toukiApp\views.py changed, reloading.
couldn't import psycopg 'c' implementation: No module named 'psycopg_c'
Watching for file changes with StatReloader
C:\Users\PC_User\AppData\Local\Programs\Python\Python311\toukiAi\toukiApp\views.py changed, reloading.
couldn't import psycopg 'c' implementation: No module named 'psycopg_c'
Watching for file changes with StatReloader
C:\Users\PC_User\AppData\Local\Programs\Python\Python311\toukiAi\toukiApp\views.py changed, reloading.
couldn't import psycopg 'c' implementation: No module named 'psycopg_c'
Watching for file changes with StatReloader
C:\Users\PC_User\AppData\Local\Programs\Python\Python311\toukiAi\toukiApp\views.py changed, reloading.
couldn't import psycopg 'c' implementation: No module named 'psycopg_c'
Watching for file changes with StatReloader
C:\Users\PC_User\AppData\Local\Programs\Python\Python311\toukiAi\toukiApp\views.py changed, reloading.
couldn't import psycopg 'c' implementation: No module named 'psycopg_c'
Watching for file changes with StatReloader
C:\Users\PC_User\AppData\Local\Programs\Python\Python311\toukiAi\toukiApp\views.py changed, reloading.
couldn't import psycopg 'c' implementation: No module named 'psycopg_c'
Watching for file changes with StatReloader
C:\Users\PC_User\AppData\Local\Programs\Python\Python311\toukiAi\toukiApp\views.py changed, reloading.
couldn't import psycopg 'c' implementation: No module named 'psycopg_c'
Watching for file changes with StatReloader
C:\Users\PC_User\AppData\Local\Programs\Python\Python311\toukiAi\toukiApp\views.py changed, reloading.
couldn't import psycopg 'c' implementation: No module named 'psycopg_c'
Watching for file changes with StatReloader
C:\Users\PC_User\AppData\Local\Programs\Python\Python311\toukiAi\toukiApp\views.py changed, reloading.
couldn't import psycopg 'c' implementation: No module named 'psycopg_c'
Watching for file changes with StatReloader
C:\Users\PC_User\AppData\Local\Programs\Python\Python311\toukiAi\toukiApp\views.py changed, reloading.
couldn't import psycopg 'c' implementation: No module named 'psycopg_c'
Watching for file changes with StatReloader
C:\Users\PC_User\AppData\Local\Programs\Python\Python311\toukiAi\toukiApp\views.py changed, reloading.
couldn't import psycopg 'c' implementation: No module named 'psycopg_c'
Watching for file changes with StatReloader
C:\Users\PC_User\AppData\Local\Programs\Python\Python311\toukiAi\toukiApp\views.py changed, reloading.
couldn't import psycopg 'c' implementation: No module named 'psycopg_c'
Watching for file changes with StatReloader
C:\Users\PC_User\AppData\Local\Programs\Python\Python311\toukiAi\toukiApp\views.py changed, reloading.
couldn't import psycopg 'c' implementation: No module named 'psycopg_c'
Watching for file changes with StatReloader
C:\Users\PC_User\AppData\Local\Programs\Python\Python311\toukiAi\toukiApp\views.py changed, reloading.
couldn't import psycopg 'c' implementation: No module named 'psycopg_c'
Watching for file changes with StatReloader
C:\Users\PC_User\AppData\Local\Programs\Python\Python311\toukiAi\toukiApp\views.py changed, reloading.
couldn't import psycopg 'c' implementation: No module named 'psycopg_c'
Watching for file changes with StatReloader
C:\Users\PC_User\AppData\Local\Programs\Python\Python311\toukiAi\toukiApp\views.py changed, reloading.
couldn't import psycopg 'c' implementation: No module named 'psycopg_c'
Watching for file changes with StatReloader
C:\Users\PC_User\AppData\Local\Programs\Python\Python311\toukiAi\toukiApp\views.py changed, reloading.
couldn't import psycopg 'c' implementation: No module named 'psycopg_c'
Watching for file changes with StatReloader
C:\Users\PC_User\AppData\Local\Programs\Python\Python311\toukiAi\toukiApp\views.py changed, reloading.
couldn't import psycopg 'c' implementation: No module named 'psycopg_c'
Watching for file changes with StatReloader
C:\Users\PC_User\AppData\Local\Programs\Python\Python311\toukiAi\toukiApp\views.py changed, reloading.
couldn't import psycopg 'c' implementation: No module named 'psycopg_c'
Watching for file changes with StatReloader
C:\Users\PC_User\AppData\Local\Programs\Python\Python311\toukiAi\toukiApp\views.py changed, reloading.
couldn't import psycopg 'c' implementation: No module named 'psycopg_c'
Watching for file changes with StatReloader
C:\Users\PC_User\AppData\Local\Programs\Python\Python311\toukiAi\toukiApp\views.py changed, reloading.
couldn't import psycopg 'c' implementation: No module named 'psycopg_c'
Watching for file changes with StatReloader
エラー発生箇所:step_division_agreement
        開発者メッセージ:None
        詳細：Invalid block tag on line 75: 'endif', expected 'empty' or 'endfor'. Did you forget to register or load this tag?
        user_id:2
        発生時刻：2024-03-29 05:01:49
        経路:Traceback (most recent call last):
  File "C:\Users\PC_User\AppData\Local\Programs\Python\Python311\.toukiAi\Lib\site-packages\django\template\base.py", line 505, in parse
    compile_func = self.tags[command]
                   ~~~~~~~~~^^^^^^^^^
KeyError: 'endif'

During handling of the above exception, another exception occurred:

Traceback (most recent call last):
  File "C:\Users\PC_User\AppData\Local\Programs\Python\Python311\toukiAi\toukiApp\views.py", line 2397, in step_division_agreement
    return render(request, "toukiApp/step_division_agreement.html", context)
           ^^^^^^^^^^^^^^^^^^^^^^^^^^^^^^^^^^^^^^^^^^^^^^^^^^^^^^^^^^^^^^^^^
  File "C:\Users\PC_User\AppData\Local\Programs\Python\Python311\.toukiAi\Lib\site-packages\django\shortcuts.py", line 24, in render
    content = loader.render_to_string(template_name, context, request, using=using)
              ^^^^^^^^^^^^^^^^^^^^^^^^^^^^^^^^^^^^^^^^^^^^^^^^^^^^^^^^^^^^^^^^^^^^^
  File "C:\Users\PC_User\AppData\Local\Programs\Python\Python311\.toukiAi\Lib\site-packages\django\template\loader.py", line 61, in render_to_string
    template = get_template(template_name, using=using)
               ^^^^^^^^^^^^^^^^^^^^^^^^^^^^^^^^^^^^^^^^
  File "C:\Users\PC_User\AppData\Local\Programs\Python\Python311\.toukiAi\Lib\site-packages\django\template\loader.py", line 15, in get_template
    return engine.get_template(template_name)
           ^^^^^^^^^^^^^^^^^^^^^^^^^^^^^^^^^^
  File "C:\Users\PC_User\AppData\Local\Programs\Python\Python311\.toukiAi\Lib\site-packages\django\template\backends\django.py", line 33, in get_template
    return Template(self.engine.get_template(template_name), self)
                    ^^^^^^^^^^^^^^^^^^^^^^^^^^^^^^^^^^^^^^^
  File "C:\Users\PC_User\AppData\Local\Programs\Python\Python311\.toukiAi\Lib\site-packages\django\template\engine.py", line 175, in get_template
    template, origin = self.find_template(template_name)
                       ^^^^^^^^^^^^^^^^^^^^^^^^^^^^^^^^^
  File "C:\Users\PC_User\AppData\Local\Programs\Python\Python311\.toukiAi\Lib\site-packages\django\template\engine.py", line 157, in find_template
    template = loader.get_template(name, skip=skip)
               ^^^^^^^^^^^^^^^^^^^^^^^^^^^^^^^^^^^^
  File "C:\Users\PC_User\AppData\Local\Programs\Python\Python311\.toukiAi\Lib\site-packages\django\template\loaders\cached.py", line 57, in get_template
    template = super().get_template(template_name, skip)
               ^^^^^^^^^^^^^^^^^^^^^^^^^^^^^^^^^^^^^^^^^
  File "C:\Users\PC_User\AppData\Local\Programs\Python\Python311\.toukiAi\Lib\site-packages\django\template\loaders\base.py", line 28, in get_template
    return Template(
           ^^^^^^^^^
  File "C:\Users\PC_User\AppData\Local\Programs\Python\Python311\.toukiAi\Lib\site-packages\django\template\base.py", line 154, in __init__
    self.nodelist = self.compile_nodelist()
                    ^^^^^^^^^^^^^^^^^^^^^^^
  File "C:\Users\PC_User\AppData\Local\Programs\Python\Python311\.toukiAi\Lib\site-packages\django\template\base.py", line 200, in compile_nodelist
    return parser.parse()
           ^^^^^^^^^^^^^^
  File "C:\Users\PC_User\AppData\Local\Programs\Python\Python311\.toukiAi\Lib\site-packages\django\template\base.py", line 513, in parse
    raise self.error(token, e)
  File "C:\Users\PC_User\AppData\Local\Programs\Python\Python311\.toukiAi\Lib\site-packages\django\template\base.py", line 511, in parse
    compiled_result = compile_func(self, token)
                      ^^^^^^^^^^^^^^^^^^^^^^^^^
  File "C:\Users\PC_User\AppData\Local\Programs\Python\Python311\.toukiAi\Lib\site-packages\django\template\loader_tags.py", line 293, in do_extends
    nodelist = parser.parse()
               ^^^^^^^^^^^^^^
  File "C:\Users\PC_User\AppData\Local\Programs\Python\Python311\.toukiAi\Lib\site-packages\django\template\base.py", line 513, in parse
    raise self.error(token, e)
  File "C:\Users\PC_User\AppData\Local\Programs\Python\Python311\.toukiAi\Lib\site-packages\django\template\base.py", line 511, in parse
    compiled_result = compile_func(self, token)
                      ^^^^^^^^^^^^^^^^^^^^^^^^^
  File "C:\Users\PC_User\AppData\Local\Programs\Python\Python311\.toukiAi\Lib\site-packages\django\template\loader_tags.py", line 232, in do_block
    nodelist = parser.parse(("endblock",))
               ^^^^^^^^^^^^^^^^^^^^^^^^^^^
  File "C:\Users\PC_User\AppData\Local\Programs\Python\Python311\.toukiAi\Lib\site-packages\django\template\base.py", line 513, in parse
    raise self.error(token, e)
  File "C:\Users\PC_User\AppData\Local\Programs\Python\Python311\.toukiAi\Lib\site-packages\django\template\base.py", line 511, in parse
    compiled_result = compile_func(self, token)
                      ^^^^^^^^^^^^^^^^^^^^^^^^^
  File "C:\Users\PC_User\AppData\Local\Programs\Python\Python311\.toukiAi\Lib\site-packages\django\template\defaulttags.py", line 953, in do_if
    nodelist = parser.parse(("elif", "else", "endif"))
               ^^^^^^^^^^^^^^^^^^^^^^^^^^^^^^^^^^^^^^^
  File "C:\Users\PC_User\AppData\Local\Programs\Python\Python311\.toukiAi\Lib\site-packages\django\template\base.py", line 513, in parse
    raise self.error(token, e)
  File "C:\Users\PC_User\AppData\Local\Programs\Python\Python311\.toukiAi\Lib\site-packages\django\template\base.py", line 511, in parse
    compiled_result = compile_func(self, token)
                      ^^^^^^^^^^^^^^^^^^^^^^^^^
  File "C:\Users\PC_User\AppData\Local\Programs\Python\Python311\.toukiAi\Lib\site-packages\django\template\defaulttags.py", line 853, in do_for
    nodelist_loop = parser.parse(
                    ^^^^^^^^^^^^^
  File "C:\Users\PC_User\AppData\Local\Programs\Python\Python311\.toukiAi\Lib\site-packages\django\template\base.py", line 513, in parse
    raise self.error(token, e)
  File "C:\Users\PC_User\AppData\Local\Programs\Python\Python311\.toukiAi\Lib\site-packages\django\template\base.py", line 511, in parse
    compiled_result = compile_func(self, token)
                      ^^^^^^^^^^^^^^^^^^^^^^^^^
  File "C:\Users\PC_User\AppData\Local\Programs\Python\Python311\.toukiAi\Lib\site-packages\django\template\defaulttags.py", line 853, in do_for
    nodelist_loop = parser.parse(
                    ^^^^^^^^^^^^^
  File "C:\Users\PC_User\AppData\Local\Programs\Python\Python311\.toukiAi\Lib\site-packages\django\template\base.py", line 507, in parse
    self.invalid_block_tag(token, command, parse_until)
  File "C:\Users\PC_User\AppData\Local\Programs\Python\Python311\.toukiAi\Lib\site-packages\django\template\base.py", line 558, in invalid_block_tag
    raise self.error(
django.template.exceptions.TemplateSyntaxError: Invalid block tag on line 75: 'endif', expected 'empty' or 'endfor'. Did you forget to register or load this tag?

Internal Server Error: /toukiApp/step_division_agreement
Not Found: /favicon.ico
C:\Users\PC_User\AppData\Local\Programs\Python\Python311\toukiAi\toukiApp\views.py changed, reloading.
couldn't import psycopg 'c' implementation: No module named 'psycopg_c'
Watching for file changes with StatReloader
エラー発生箇所:step_division_agreement
        開発者メッセージ:None
        詳細：Invalid block tag on line 75: 'endif', expected 'empty' or 'endfor'. Did you forget to register or load this tag?
        user_id:2
        発生時刻：2024-03-29 05:02:00
        経路:Traceback (most recent call last):
  File "C:\Users\PC_User\AppData\Local\Programs\Python\Python311\.toukiAi\Lib\site-packages\django\template\base.py", line 505, in parse
    compile_func = self.tags[command]
                   ~~~~~~~~~^^^^^^^^^
KeyError: 'endif'

During handling of the above exception, another exception occurred:

Traceback (most recent call last):
  File "C:\Users\PC_User\AppData\Local\Programs\Python\Python311\toukiAi\toukiApp\views.py", line 2397, in step_division_agreement
    return render(request, "toukiApp/step_division_agreement.html", context)
           ^^^^^^^^^^^^^^^^^^^^^^^^^^^^^^^^^^^^^^^^^^^^^^^^^^^^^^^^^^^^^^^^^
  File "C:\Users\PC_User\AppData\Local\Programs\Python\Python311\.toukiAi\Lib\site-packages\django\shortcuts.py", line 24, in render
    content = loader.render_to_string(template_name, context, request, using=using)
              ^^^^^^^^^^^^^^^^^^^^^^^^^^^^^^^^^^^^^^^^^^^^^^^^^^^^^^^^^^^^^^^^^^^^^
  File "C:\Users\PC_User\AppData\Local\Programs\Python\Python311\.toukiAi\Lib\site-packages\django\template\loader.py", line 61, in render_to_string
    template = get_template(template_name, using=using)
               ^^^^^^^^^^^^^^^^^^^^^^^^^^^^^^^^^^^^^^^^
  File "C:\Users\PC_User\AppData\Local\Programs\Python\Python311\.toukiAi\Lib\site-packages\django\template\loader.py", line 15, in get_template
    return engine.get_template(template_name)
           ^^^^^^^^^^^^^^^^^^^^^^^^^^^^^^^^^^
  File "C:\Users\PC_User\AppData\Local\Programs\Python\Python311\.toukiAi\Lib\site-packages\django\template\backends\django.py", line 33, in get_template
    return Template(self.engine.get_template(template_name), self)
                    ^^^^^^^^^^^^^^^^^^^^^^^^^^^^^^^^^^^^^^^
  File "C:\Users\PC_User\AppData\Local\Programs\Python\Python311\.toukiAi\Lib\site-packages\django\template\engine.py", line 175, in get_template
    template, origin = self.find_template(template_name)
                       ^^^^^^^^^^^^^^^^^^^^^^^^^^^^^^^^^
  File "C:\Users\PC_User\AppData\Local\Programs\Python\Python311\.toukiAi\Lib\site-packages\django\template\engine.py", line 157, in find_template
    template = loader.get_template(name, skip=skip)
               ^^^^^^^^^^^^^^^^^^^^^^^^^^^^^^^^^^^^
  File "C:\Users\PC_User\AppData\Local\Programs\Python\Python311\.toukiAi\Lib\site-packages\django\template\loaders\cached.py", line 57, in get_template
    template = super().get_template(template_name, skip)
               ^^^^^^^^^^^^^^^^^^^^^^^^^^^^^^^^^^^^^^^^^
  File "C:\Users\PC_User\AppData\Local\Programs\Python\Python311\.toukiAi\Lib\site-packages\django\template\loaders\base.py", line 28, in get_template
    return Template(
           ^^^^^^^^^
  File "C:\Users\PC_User\AppData\Local\Programs\Python\Python311\.toukiAi\Lib\site-packages\django\template\base.py", line 154, in __init__
    self.nodelist = self.compile_nodelist()
                    ^^^^^^^^^^^^^^^^^^^^^^^
  File "C:\Users\PC_User\AppData\Local\Programs\Python\Python311\.toukiAi\Lib\site-packages\django\template\base.py", line 200, in compile_nodelist
    return parser.parse()
           ^^^^^^^^^^^^^^
  File "C:\Users\PC_User\AppData\Local\Programs\Python\Python311\.toukiAi\Lib\site-packages\django\template\base.py", line 513, in parse
    raise self.error(token, e)
  File "C:\Users\PC_User\AppData\Local\Programs\Python\Python311\.toukiAi\Lib\site-packages\django\template\base.py", line 511, in parse
    compiled_result = compile_func(self, token)
                      ^^^^^^^^^^^^^^^^^^^^^^^^^
  File "C:\Users\PC_User\AppData\Local\Programs\Python\Python311\.toukiAi\Lib\site-packages\django\template\loader_tags.py", line 293, in do_extends
    nodelist = parser.parse()
               ^^^^^^^^^^^^^^
  File "C:\Users\PC_User\AppData\Local\Programs\Python\Python311\.toukiAi\Lib\site-packages\django\template\base.py", line 513, in parse
    raise self.error(token, e)
  File "C:\Users\PC_User\AppData\Local\Programs\Python\Python311\.toukiAi\Lib\site-packages\django\template\base.py", line 511, in parse
    compiled_result = compile_func(self, token)
                      ^^^^^^^^^^^^^^^^^^^^^^^^^
  File "C:\Users\PC_User\AppData\Local\Programs\Python\Python311\.toukiAi\Lib\site-packages\django\template\loader_tags.py", line 232, in do_block
    nodelist = parser.parse(("endblock",))
               ^^^^^^^^^^^^^^^^^^^^^^^^^^^
  File "C:\Users\PC_User\AppData\Local\Programs\Python\Python311\.toukiAi\Lib\site-packages\django\template\base.py", line 513, in parse
    raise self.error(token, e)
  File "C:\Users\PC_User\AppData\Local\Programs\Python\Python311\.toukiAi\Lib\site-packages\django\template\base.py", line 511, in parse
    compiled_result = compile_func(self, token)
                      ^^^^^^^^^^^^^^^^^^^^^^^^^
  File "C:\Users\PC_User\AppData\Local\Programs\Python\Python311\.toukiAi\Lib\site-packages\django\template\defaulttags.py", line 953, in do_if
    nodelist = parser.parse(("elif", "else", "endif"))
               ^^^^^^^^^^^^^^^^^^^^^^^^^^^^^^^^^^^^^^^
  File "C:\Users\PC_User\AppData\Local\Programs\Python\Python311\.toukiAi\Lib\site-packages\django\template\base.py", line 513, in parse
    raise self.error(token, e)
  File "C:\Users\PC_User\AppData\Local\Programs\Python\Python311\.toukiAi\Lib\site-packages\django\template\base.py", line 511, in parse
    compiled_result = compile_func(self, token)
                      ^^^^^^^^^^^^^^^^^^^^^^^^^
  File "C:\Users\PC_User\AppData\Local\Programs\Python\Python311\.toukiAi\Lib\site-packages\django\template\defaulttags.py", line 853, in do_for
    nodelist_loop = parser.parse(
                    ^^^^^^^^^^^^^
  File "C:\Users\PC_User\AppData\Local\Programs\Python\Python311\.toukiAi\Lib\site-packages\django\template\base.py", line 513, in parse
    raise self.error(token, e)
  File "C:\Users\PC_User\AppData\Local\Programs\Python\Python311\.toukiAi\Lib\site-packages\django\template\base.py", line 511, in parse
    compiled_result = compile_func(self, token)
                      ^^^^^^^^^^^^^^^^^^^^^^^^^
  File "C:\Users\PC_User\AppData\Local\Programs\Python\Python311\.toukiAi\Lib\site-packages\django\template\defaulttags.py", line 853, in do_for
    nodelist_loop = parser.parse(
                    ^^^^^^^^^^^^^
  File "C:\Users\PC_User\AppData\Local\Programs\Python\Python311\.toukiAi\Lib\site-packages\django\template\base.py", line 507, in parse
    self.invalid_block_tag(token, command, parse_until)
  File "C:\Users\PC_User\AppData\Local\Programs\Python\Python311\.toukiAi\Lib\site-packages\django\template\base.py", line 558, in invalid_block_tag
    raise self.error(
django.template.exceptions.TemplateSyntaxError: Invalid block tag on line 75: 'endif', expected 'empty' or 'endfor'. Did you forget to register or load this tag?

Internal Server Error: /toukiApp/step_division_agreement
Not Found: /favicon.ico
C:\Users\PC_User\AppData\Local\Programs\Python\Python311\toukiAi\toukiApp\templatetags\custom_filters.py changed, reloading.
couldn't import psycopg 'c' implementation: No module named 'psycopg_c'
Watching for file changes with StatReloader
エラー発生箇所:step_division_agreement
        開発者メッセージ:None
        詳細：Invalid block tag on line 95: 'endfor', expected 'elif', 'else' or 'endif'. Did you forget to register or load this tag?
        user_id:2
        発生時刻：2024-03-29 05:22:32
        経路:Traceback (most recent call last):
  File "C:\Users\PC_User\AppData\Local\Programs\Python\Python311\.toukiAi\Lib\site-packages\django\template\base.py", line 505, in parse
    compile_func = self.tags[command]
                   ~~~~~~~~~^^^^^^^^^
KeyError: 'endfor'

During handling of the above exception, another exception occurred:

Traceback (most recent call last):
  File "C:\Users\PC_User\AppData\Local\Programs\Python\Python311\toukiAi\toukiApp\views.py", line 2397, in step_division_agreement
    return render(request, "toukiApp/step_division_agreement.html", context)
           ^^^^^^^^^^^^^^^^^^^^^^^^^^^^^^^^^^^^^^^^^^^^^^^^^^^^^^^^^^^^^^^^^
  File "C:\Users\PC_User\AppData\Local\Programs\Python\Python311\.toukiAi\Lib\site-packages\django\shortcuts.py", line 24, in render
    content = loader.render_to_string(template_name, context, request, using=using)
              ^^^^^^^^^^^^^^^^^^^^^^^^^^^^^^^^^^^^^^^^^^^^^^^^^^^^^^^^^^^^^^^^^^^^^
  File "C:\Users\PC_User\AppData\Local\Programs\Python\Python311\.toukiAi\Lib\site-packages\django\template\loader.py", line 61, in render_to_string
    template = get_template(template_name, using=using)
               ^^^^^^^^^^^^^^^^^^^^^^^^^^^^^^^^^^^^^^^^
  File "C:\Users\PC_User\AppData\Local\Programs\Python\Python311\.toukiAi\Lib\site-packages\django\template\loader.py", line 15, in get_template
    return engine.get_template(template_name)
           ^^^^^^^^^^^^^^^^^^^^^^^^^^^^^^^^^^
  File "C:\Users\PC_User\AppData\Local\Programs\Python\Python311\.toukiAi\Lib\site-packages\django\template\backends\django.py", line 33, in get_template
    return Template(self.engine.get_template(template_name), self)
                    ^^^^^^^^^^^^^^^^^^^^^^^^^^^^^^^^^^^^^^^
  File "C:\Users\PC_User\AppData\Local\Programs\Python\Python311\.toukiAi\Lib\site-packages\django\template\engine.py", line 175, in get_template
    template, origin = self.find_template(template_name)
                       ^^^^^^^^^^^^^^^^^^^^^^^^^^^^^^^^^
  File "C:\Users\PC_User\AppData\Local\Programs\Python\Python311\.toukiAi\Lib\site-packages\django\template\engine.py", line 157, in find_template
    template = loader.get_template(name, skip=skip)
               ^^^^^^^^^^^^^^^^^^^^^^^^^^^^^^^^^^^^
  File "C:\Users\PC_User\AppData\Local\Programs\Python\Python311\.toukiAi\Lib\site-packages\django\template\loaders\cached.py", line 57, in get_template
    template = super().get_template(template_name, skip)
               ^^^^^^^^^^^^^^^^^^^^^^^^^^^^^^^^^^^^^^^^^
  File "C:\Users\PC_User\AppData\Local\Programs\Python\Python311\.toukiAi\Lib\site-packages\django\template\loaders\base.py", line 28, in get_template
    return Template(
           ^^^^^^^^^
  File "C:\Users\PC_User\AppData\Local\Programs\Python\Python311\.toukiAi\Lib\site-packages\django\template\base.py", line 154, in __init__
    self.nodelist = self.compile_nodelist()
                    ^^^^^^^^^^^^^^^^^^^^^^^
  File "C:\Users\PC_User\AppData\Local\Programs\Python\Python311\.toukiAi\Lib\site-packages\django\template\base.py", line 200, in compile_nodelist
    return parser.parse()
           ^^^^^^^^^^^^^^
  File "C:\Users\PC_User\AppData\Local\Programs\Python\Python311\.toukiAi\Lib\site-packages\django\template\base.py", line 513, in parse
    raise self.error(token, e)
  File "C:\Users\PC_User\AppData\Local\Programs\Python\Python311\.toukiAi\Lib\site-packages\django\template\base.py", line 511, in parse
    compiled_result = compile_func(self, token)
                      ^^^^^^^^^^^^^^^^^^^^^^^^^
  File "C:\Users\PC_User\AppData\Local\Programs\Python\Python311\.toukiAi\Lib\site-packages\django\template\loader_tags.py", line 293, in do_extends
    nodelist = parser.parse()
               ^^^^^^^^^^^^^^
  File "C:\Users\PC_User\AppData\Local\Programs\Python\Python311\.toukiAi\Lib\site-packages\django\template\base.py", line 513, in parse
    raise self.error(token, e)
  File "C:\Users\PC_User\AppData\Local\Programs\Python\Python311\.toukiAi\Lib\site-packages\django\template\base.py", line 511, in parse
    compiled_result = compile_func(self, token)
                      ^^^^^^^^^^^^^^^^^^^^^^^^^
  File "C:\Users\PC_User\AppData\Local\Programs\Python\Python311\.toukiAi\Lib\site-packages\django\template\loader_tags.py", line 232, in do_block
    nodelist = parser.parse(("endblock",))
               ^^^^^^^^^^^^^^^^^^^^^^^^^^^
  File "C:\Users\PC_User\AppData\Local\Programs\Python\Python311\.toukiAi\Lib\site-packages\django\template\base.py", line 513, in parse
    raise self.error(token, e)
  File "C:\Users\PC_User\AppData\Local\Programs\Python\Python311\.toukiAi\Lib\site-packages\django\template\base.py", line 511, in parse
    compiled_result = compile_func(self, token)
                      ^^^^^^^^^^^^^^^^^^^^^^^^^
  File "C:\Users\PC_User\AppData\Local\Programs\Python\Python311\.toukiAi\Lib\site-packages\django\template\defaulttags.py", line 953, in do_if
    nodelist = parser.parse(("elif", "else", "endif"))
               ^^^^^^^^^^^^^^^^^^^^^^^^^^^^^^^^^^^^^^^
  File "C:\Users\PC_User\AppData\Local\Programs\Python\Python311\.toukiAi\Lib\site-packages\django\template\base.py", line 513, in parse
    raise self.error(token, e)
  File "C:\Users\PC_User\AppData\Local\Programs\Python\Python311\.toukiAi\Lib\site-packages\django\template\base.py", line 511, in parse
    compiled_result = compile_func(self, token)
                      ^^^^^^^^^^^^^^^^^^^^^^^^^
  File "C:\Users\PC_User\AppData\Local\Programs\Python\Python311\.toukiAi\Lib\site-packages\django\template\defaulttags.py", line 853, in do_for
    nodelist_loop = parser.parse(
                    ^^^^^^^^^^^^^
  File "C:\Users\PC_User\AppData\Local\Programs\Python\Python311\.toukiAi\Lib\site-packages\django\template\base.py", line 513, in parse
    raise self.error(token, e)
  File "C:\Users\PC_User\AppData\Local\Programs\Python\Python311\.toukiAi\Lib\site-packages\django\template\base.py", line 511, in parse
    compiled_result = compile_func(self, token)
                      ^^^^^^^^^^^^^^^^^^^^^^^^^
  File "C:\Users\PC_User\AppData\Local\Programs\Python\Python311\.toukiAi\Lib\site-packages\django\template\defaulttags.py", line 853, in do_for
    nodelist_loop = parser.parse(
                    ^^^^^^^^^^^^^
  File "C:\Users\PC_User\AppData\Local\Programs\Python\Python311\.toukiAi\Lib\site-packages\django\template\base.py", line 513, in parse
    raise self.error(token, e)
  File "C:\Users\PC_User\AppData\Local\Programs\Python\Python311\.toukiAi\Lib\site-packages\django\template\base.py", line 511, in parse
    compiled_result = compile_func(self, token)
                      ^^^^^^^^^^^^^^^^^^^^^^^^^
  File "C:\Users\PC_User\AppData\Local\Programs\Python\Python311\.toukiAi\Lib\site-packages\django\template\defaulttags.py", line 961, in do_if
    nodelist = parser.parse(("elif", "else", "endif"))
               ^^^^^^^^^^^^^^^^^^^^^^^^^^^^^^^^^^^^^^^
  File "C:\Users\PC_User\AppData\Local\Programs\Python\Python311\.toukiAi\Lib\site-packages\django\template\base.py", line 507, in parse
    self.invalid_block_tag(token, command, parse_until)
  File "C:\Users\PC_User\AppData\Local\Programs\Python\Python311\.toukiAi\Lib\site-packages\django\template\base.py", line 558, in invalid_block_tag
    raise self.error(
django.template.exceptions.TemplateSyntaxError: Invalid block tag on line 95: 'endfor', expected 'elif', 'else' or 'endif'. Did you forget to register or load this tag?

Internal Server Error: /toukiApp/step_division_agreement
Not Found: /favicon.ico
Not Found: /favicon.ico
C:\Users\PC_User\AppData\Local\Programs\Python\Python311\toukiAi\toukiApp\views.py changed, reloading.
couldn't import psycopg 'c' implementation: No module named 'psycopg_c'
Watching for file changes with StatReloader
C:\Users\PC_User\AppData\Local\Programs\Python\Python311\toukiAi\toukiApp\views.py changed, reloading.
couldn't import psycopg 'c' implementation: No module named 'psycopg_c'
Watching for file changes with StatReloader
C:\Users\PC_User\AppData\Local\Programs\Python\Python311\toukiAi\toukiApp\views.py changed, reloading.
couldn't import psycopg 'c' implementation: No module named 'psycopg_c'
Watching for file changes with StatReloader
C:\Users\PC_User\AppData\Local\Programs\Python\Python311\toukiAi\toukiApp\views.py changed, reloading.
couldn't import psycopg 'c' implementation: No module named 'psycopg_c'
Watching for file changes with StatReloader
C:\Users\PC_User\AppData\Local\Programs\Python\Python311\toukiAi\toukiApp\views.py changed, reloading.
couldn't import psycopg 'c' implementation: No module named 'psycopg_c'
Watching for file changes with StatReloader
C:\Users\PC_User\AppData\Local\Programs\Python\Python311\toukiAi\toukiApp\views.py changed, reloading.
couldn't import psycopg 'c' implementation: No module named 'psycopg_c'
Watching for file changes with StatReloader
C:\Users\PC_User\AppData\Local\Programs\Python\Python311\toukiAi\toukiApp\views.py changed, reloading.
couldn't import psycopg 'c' implementation: No module named 'psycopg_c'
Watching for file changes with StatReloader
C:\Users\PC_User\AppData\Local\Programs\Python\Python311\toukiAi\toukiApp\views.py changed, reloading.
couldn't import psycopg 'c' implementation: No module named 'psycopg_c'
Watching for file changes with StatReloader
エラー発生箇所:step_division_agreement
        開発者メッセージ:None
        詳細：Invalid block tag on line 122: 'endif', expected 'empty' or 'endfor'. Did you forget to register or load this tag?
        user_id:2
        発生時刻：2024-03-29 13:16:52
        経路:Traceback (most recent call last):
  File "C:\Users\PC_User\AppData\Local\Programs\Python\Python311\.toukiAi\Lib\site-packages\django\template\base.py", line 505, in parse
    compile_func = self.tags[command]
                   ~~~~~~~~~^^^^^^^^^
KeyError: 'endif'

During handling of the above exception, another exception occurred:

Traceback (most recent call last):
  File "C:\Users\PC_User\AppData\Local\Programs\Python\Python311\toukiAi\toukiApp\views.py", line 2403, in step_division_agreement
    return render(request, "toukiApp/step_division_agreement.html", context)
           ^^^^^^^^^^^^^^^^^^^^^^^^^^^^^^^^^^^^^^^^^^^^^^^^^^^^^^^^^^^^^^^^^
  File "C:\Users\PC_User\AppData\Local\Programs\Python\Python311\.toukiAi\Lib\site-packages\django\shortcuts.py", line 24, in render
    content = loader.render_to_string(template_name, context, request, using=using)
              ^^^^^^^^^^^^^^^^^^^^^^^^^^^^^^^^^^^^^^^^^^^^^^^^^^^^^^^^^^^^^^^^^^^^^
  File "C:\Users\PC_User\AppData\Local\Programs\Python\Python311\.toukiAi\Lib\site-packages\django\template\loader.py", line 61, in render_to_string
    template = get_template(template_name, using=using)
               ^^^^^^^^^^^^^^^^^^^^^^^^^^^^^^^^^^^^^^^^
  File "C:\Users\PC_User\AppData\Local\Programs\Python\Python311\.toukiAi\Lib\site-packages\django\template\loader.py", line 15, in get_template
    return engine.get_template(template_name)
           ^^^^^^^^^^^^^^^^^^^^^^^^^^^^^^^^^^
  File "C:\Users\PC_User\AppData\Local\Programs\Python\Python311\.toukiAi\Lib\site-packages\django\template\backends\django.py", line 33, in get_template
    return Template(self.engine.get_template(template_name), self)
                    ^^^^^^^^^^^^^^^^^^^^^^^^^^^^^^^^^^^^^^^
  File "C:\Users\PC_User\AppData\Local\Programs\Python\Python311\.toukiAi\Lib\site-packages\django\template\engine.py", line 175, in get_template
    template, origin = self.find_template(template_name)
                       ^^^^^^^^^^^^^^^^^^^^^^^^^^^^^^^^^
  File "C:\Users\PC_User\AppData\Local\Programs\Python\Python311\.toukiAi\Lib\site-packages\django\template\engine.py", line 157, in find_template
    template = loader.get_template(name, skip=skip)
               ^^^^^^^^^^^^^^^^^^^^^^^^^^^^^^^^^^^^
  File "C:\Users\PC_User\AppData\Local\Programs\Python\Python311\.toukiAi\Lib\site-packages\django\template\loaders\cached.py", line 57, in get_template
    template = super().get_template(template_name, skip)
               ^^^^^^^^^^^^^^^^^^^^^^^^^^^^^^^^^^^^^^^^^
  File "C:\Users\PC_User\AppData\Local\Programs\Python\Python311\.toukiAi\Lib\site-packages\django\template\loaders\base.py", line 28, in get_template
    return Template(
           ^^^^^^^^^
  File "C:\Users\PC_User\AppData\Local\Programs\Python\Python311\.toukiAi\Lib\site-packages\django\template\base.py", line 154, in __init__
    self.nodelist = self.compile_nodelist()
                    ^^^^^^^^^^^^^^^^^^^^^^^
  File "C:\Users\PC_User\AppData\Local\Programs\Python\Python311\.toukiAi\Lib\site-packages\django\template\base.py", line 200, in compile_nodelist
    return parser.parse()
           ^^^^^^^^^^^^^^
  File "C:\Users\PC_User\AppData\Local\Programs\Python\Python311\.toukiAi\Lib\site-packages\django\template\base.py", line 513, in parse
    raise self.error(token, e)
  File "C:\Users\PC_User\AppData\Local\Programs\Python\Python311\.toukiAi\Lib\site-packages\django\template\base.py", line 511, in parse
    compiled_result = compile_func(self, token)
                      ^^^^^^^^^^^^^^^^^^^^^^^^^
  File "C:\Users\PC_User\AppData\Local\Programs\Python\Python311\.toukiAi\Lib\site-packages\django\template\loader_tags.py", line 293, in do_extends
    nodelist = parser.parse()
               ^^^^^^^^^^^^^^
  File "C:\Users\PC_User\AppData\Local\Programs\Python\Python311\.toukiAi\Lib\site-packages\django\template\base.py", line 513, in parse
    raise self.error(token, e)
  File "C:\Users\PC_User\AppData\Local\Programs\Python\Python311\.toukiAi\Lib\site-packages\django\template\base.py", line 511, in parse
    compiled_result = compile_func(self, token)
                      ^^^^^^^^^^^^^^^^^^^^^^^^^
  File "C:\Users\PC_User\AppData\Local\Programs\Python\Python311\.toukiAi\Lib\site-packages\django\template\loader_tags.py", line 232, in do_block
    nodelist = parser.parse(("endblock",))
               ^^^^^^^^^^^^^^^^^^^^^^^^^^^
  File "C:\Users\PC_User\AppData\Local\Programs\Python\Python311\.toukiAi\Lib\site-packages\django\template\base.py", line 513, in parse
    raise self.error(token, e)
  File "C:\Users\PC_User\AppData\Local\Programs\Python\Python311\.toukiAi\Lib\site-packages\django\template\base.py", line 511, in parse
    compiled_result = compile_func(self, token)
                      ^^^^^^^^^^^^^^^^^^^^^^^^^
  File "C:\Users\PC_User\AppData\Local\Programs\Python\Python311\.toukiAi\Lib\site-packages\django\template\defaulttags.py", line 953, in do_if
    nodelist = parser.parse(("elif", "else", "endif"))
               ^^^^^^^^^^^^^^^^^^^^^^^^^^^^^^^^^^^^^^^
  File "C:\Users\PC_User\AppData\Local\Programs\Python\Python311\.toukiAi\Lib\site-packages\django\template\base.py", line 513, in parse
    raise self.error(token, e)
  File "C:\Users\PC_User\AppData\Local\Programs\Python\Python311\.toukiAi\Lib\site-packages\django\template\base.py", line 511, in parse
    compiled_result = compile_func(self, token)
                      ^^^^^^^^^^^^^^^^^^^^^^^^^
  File "C:\Users\PC_User\AppData\Local\Programs\Python\Python311\.toukiAi\Lib\site-packages\django\template\defaulttags.py", line 853, in do_for
    nodelist_loop = parser.parse(
                    ^^^^^^^^^^^^^
  File "C:\Users\PC_User\AppData\Local\Programs\Python\Python311\.toukiAi\Lib\site-packages\django\template\base.py", line 513, in parse
    raise self.error(token, e)
  File "C:\Users\PC_User\AppData\Local\Programs\Python\Python311\.toukiAi\Lib\site-packages\django\template\base.py", line 511, in parse
    compiled_result = compile_func(self, token)
                      ^^^^^^^^^^^^^^^^^^^^^^^^^
  File "C:\Users\PC_User\AppData\Local\Programs\Python\Python311\.toukiAi\Lib\site-packages\django\template\defaulttags.py", line 853, in do_for
    nodelist_loop = parser.parse(
                    ^^^^^^^^^^^^^
  File "C:\Users\PC_User\AppData\Local\Programs\Python\Python311\.toukiAi\Lib\site-packages\django\template\base.py", line 513, in parse
    raise self.error(token, e)
  File "C:\Users\PC_User\AppData\Local\Programs\Python\Python311\.toukiAi\Lib\site-packages\django\template\base.py", line 511, in parse
    compiled_result = compile_func(self, token)
                      ^^^^^^^^^^^^^^^^^^^^^^^^^
  File "C:\Users\PC_User\AppData\Local\Programs\Python\Python311\.toukiAi\Lib\site-packages\django\template\defaulttags.py", line 953, in do_if
    nodelist = parser.parse(("elif", "else", "endif"))
               ^^^^^^^^^^^^^^^^^^^^^^^^^^^^^^^^^^^^^^^
  File "C:\Users\PC_User\AppData\Local\Programs\Python\Python311\.toukiAi\Lib\site-packages\django\template\base.py", line 513, in parse
    raise self.error(token, e)
  File "C:\Users\PC_User\AppData\Local\Programs\Python\Python311\.toukiAi\Lib\site-packages\django\template\base.py", line 511, in parse
    compiled_result = compile_func(self, token)
                      ^^^^^^^^^^^^^^^^^^^^^^^^^
  File "C:\Users\PC_User\AppData\Local\Programs\Python\Python311\.toukiAi\Lib\site-packages\django\template\defaulttags.py", line 853, in do_for
    nodelist_loop = parser.parse(
                    ^^^^^^^^^^^^^
  File "C:\Users\PC_User\AppData\Local\Programs\Python\Python311\.toukiAi\Lib\site-packages\django\template\base.py", line 507, in parse
    self.invalid_block_tag(token, command, parse_until)
  File "C:\Users\PC_User\AppData\Local\Programs\Python\Python311\.toukiAi\Lib\site-packages\django\template\base.py", line 558, in invalid_block_tag
    raise self.error(
django.template.exceptions.TemplateSyntaxError: Invalid block tag on line 122: 'endif', expected 'empty' or 'endfor'. Did you forget to register or load this tag?

Internal Server Error: /toukiApp/step_division_agreement
Not Found: /favicon.ico
エラー発生箇所:step_division_agreement
        開発者メッセージ:None
        詳細：Invalid block tag on line 124: 'endfor', expected 'elif', 'else' or 'endif'. Did you forget to register or load this tag?
        user_id:2
        発生時刻：2024-03-29 13:17:09
        経路:Traceback (most recent call last):
  File "C:\Users\PC_User\AppData\Local\Programs\Python\Python311\.toukiAi\Lib\site-packages\django\template\base.py", line 505, in parse
    compile_func = self.tags[command]
                   ~~~~~~~~~^^^^^^^^^
KeyError: 'endfor'

During handling of the above exception, another exception occurred:

Traceback (most recent call last):
  File "C:\Users\PC_User\AppData\Local\Programs\Python\Python311\toukiAi\toukiApp\views.py", line 2403, in step_division_agreement
    return render(request, "toukiApp/step_division_agreement.html", context)
           ^^^^^^^^^^^^^^^^^^^^^^^^^^^^^^^^^^^^^^^^^^^^^^^^^^^^^^^^^^^^^^^^^
  File "C:\Users\PC_User\AppData\Local\Programs\Python\Python311\.toukiAi\Lib\site-packages\django\shortcuts.py", line 24, in render
    content = loader.render_to_string(template_name, context, request, using=using)
              ^^^^^^^^^^^^^^^^^^^^^^^^^^^^^^^^^^^^^^^^^^^^^^^^^^^^^^^^^^^^^^^^^^^^^
  File "C:\Users\PC_User\AppData\Local\Programs\Python\Python311\.toukiAi\Lib\site-packages\django\template\loader.py", line 61, in render_to_string
    template = get_template(template_name, using=using)
               ^^^^^^^^^^^^^^^^^^^^^^^^^^^^^^^^^^^^^^^^
  File "C:\Users\PC_User\AppData\Local\Programs\Python\Python311\.toukiAi\Lib\site-packages\django\template\loader.py", line 15, in get_template
    return engine.get_template(template_name)
           ^^^^^^^^^^^^^^^^^^^^^^^^^^^^^^^^^^
  File "C:\Users\PC_User\AppData\Local\Programs\Python\Python311\.toukiAi\Lib\site-packages\django\template\backends\django.py", line 33, in get_template
    return Template(self.engine.get_template(template_name), self)
                    ^^^^^^^^^^^^^^^^^^^^^^^^^^^^^^^^^^^^^^^
  File "C:\Users\PC_User\AppData\Local\Programs\Python\Python311\.toukiAi\Lib\site-packages\django\template\engine.py", line 175, in get_template
    template, origin = self.find_template(template_name)
                       ^^^^^^^^^^^^^^^^^^^^^^^^^^^^^^^^^
  File "C:\Users\PC_User\AppData\Local\Programs\Python\Python311\.toukiAi\Lib\site-packages\django\template\engine.py", line 157, in find_template
    template = loader.get_template(name, skip=skip)
               ^^^^^^^^^^^^^^^^^^^^^^^^^^^^^^^^^^^^
  File "C:\Users\PC_User\AppData\Local\Programs\Python\Python311\.toukiAi\Lib\site-packages\django\template\loaders\cached.py", line 57, in get_template
    template = super().get_template(template_name, skip)
               ^^^^^^^^^^^^^^^^^^^^^^^^^^^^^^^^^^^^^^^^^
  File "C:\Users\PC_User\AppData\Local\Programs\Python\Python311\.toukiAi\Lib\site-packages\django\template\loaders\base.py", line 28, in get_template
    return Template(
           ^^^^^^^^^
  File "C:\Users\PC_User\AppData\Local\Programs\Python\Python311\.toukiAi\Lib\site-packages\django\template\base.py", line 154, in __init__
    self.nodelist = self.compile_nodelist()
                    ^^^^^^^^^^^^^^^^^^^^^^^
  File "C:\Users\PC_User\AppData\Local\Programs\Python\Python311\.toukiAi\Lib\site-packages\django\template\base.py", line 200, in compile_nodelist
    return parser.parse()
           ^^^^^^^^^^^^^^
  File "C:\Users\PC_User\AppData\Local\Programs\Python\Python311\.toukiAi\Lib\site-packages\django\template\base.py", line 513, in parse
    raise self.error(token, e)
  File "C:\Users\PC_User\AppData\Local\Programs\Python\Python311\.toukiAi\Lib\site-packages\django\template\base.py", line 511, in parse
    compiled_result = compile_func(self, token)
                      ^^^^^^^^^^^^^^^^^^^^^^^^^
  File "C:\Users\PC_User\AppData\Local\Programs\Python\Python311\.toukiAi\Lib\site-packages\django\template\loader_tags.py", line 293, in do_extends
    nodelist = parser.parse()
               ^^^^^^^^^^^^^^
  File "C:\Users\PC_User\AppData\Local\Programs\Python\Python311\.toukiAi\Lib\site-packages\django\template\base.py", line 513, in parse
    raise self.error(token, e)
  File "C:\Users\PC_User\AppData\Local\Programs\Python\Python311\.toukiAi\Lib\site-packages\django\template\base.py", line 511, in parse
    compiled_result = compile_func(self, token)
                      ^^^^^^^^^^^^^^^^^^^^^^^^^
  File "C:\Users\PC_User\AppData\Local\Programs\Python\Python311\.toukiAi\Lib\site-packages\django\template\loader_tags.py", line 232, in do_block
    nodelist = parser.parse(("endblock",))
               ^^^^^^^^^^^^^^^^^^^^^^^^^^^
  File "C:\Users\PC_User\AppData\Local\Programs\Python\Python311\.toukiAi\Lib\site-packages\django\template\base.py", line 513, in parse
    raise self.error(token, e)
  File "C:\Users\PC_User\AppData\Local\Programs\Python\Python311\.toukiAi\Lib\site-packages\django\template\base.py", line 511, in parse
    compiled_result = compile_func(self, token)
                      ^^^^^^^^^^^^^^^^^^^^^^^^^
  File "C:\Users\PC_User\AppData\Local\Programs\Python\Python311\.toukiAi\Lib\site-packages\django\template\defaulttags.py", line 953, in do_if
    nodelist = parser.parse(("elif", "else", "endif"))
               ^^^^^^^^^^^^^^^^^^^^^^^^^^^^^^^^^^^^^^^
  File "C:\Users\PC_User\AppData\Local\Programs\Python\Python311\.toukiAi\Lib\site-packages\django\template\base.py", line 513, in parse
    raise self.error(token, e)
  File "C:\Users\PC_User\AppData\Local\Programs\Python\Python311\.toukiAi\Lib\site-packages\django\template\base.py", line 511, in parse
    compiled_result = compile_func(self, token)
                      ^^^^^^^^^^^^^^^^^^^^^^^^^
  File "C:\Users\PC_User\AppData\Local\Programs\Python\Python311\.toukiAi\Lib\site-packages\django\template\defaulttags.py", line 853, in do_for
    nodelist_loop = parser.parse(
                    ^^^^^^^^^^^^^
  File "C:\Users\PC_User\AppData\Local\Programs\Python\Python311\.toukiAi\Lib\site-packages\django\template\base.py", line 513, in parse
    raise self.error(token, e)
  File "C:\Users\PC_User\AppData\Local\Programs\Python\Python311\.toukiAi\Lib\site-packages\django\template\base.py", line 511, in parse
    compiled_result = compile_func(self, token)
                      ^^^^^^^^^^^^^^^^^^^^^^^^^
  File "C:\Users\PC_User\AppData\Local\Programs\Python\Python311\.toukiAi\Lib\site-packages\django\template\defaulttags.py", line 853, in do_for
    nodelist_loop = parser.parse(
                    ^^^^^^^^^^^^^
  File "C:\Users\PC_User\AppData\Local\Programs\Python\Python311\.toukiAi\Lib\site-packages\django\template\base.py", line 513, in parse
    raise self.error(token, e)
  File "C:\Users\PC_User\AppData\Local\Programs\Python\Python311\.toukiAi\Lib\site-packages\django\template\base.py", line 511, in parse
    compiled_result = compile_func(self, token)
                      ^^^^^^^^^^^^^^^^^^^^^^^^^
  File "C:\Users\PC_User\AppData\Local\Programs\Python\Python311\.toukiAi\Lib\site-packages\django\template\defaulttags.py", line 953, in do_if
    nodelist = parser.parse(("elif", "else", "endif"))
               ^^^^^^^^^^^^^^^^^^^^^^^^^^^^^^^^^^^^^^^
  File "C:\Users\PC_User\AppData\Local\Programs\Python\Python311\.toukiAi\Lib\site-packages\django\template\base.py", line 507, in parse
    self.invalid_block_tag(token, command, parse_until)
  File "C:\Users\PC_User\AppData\Local\Programs\Python\Python311\.toukiAi\Lib\site-packages\django\template\base.py", line 558, in invalid_block_tag
    raise self.error(
django.template.exceptions.TemplateSyntaxError: Invalid block tag on line 124: 'endfor', expected 'elif', 'else' or 'endif'. Did you forget to register or load this tag?

Internal Server Error: /toukiApp/step_division_agreement
Not Found: /favicon.ico
エラー発生箇所:step_division_agreement
        開発者メッセージ:None
        詳細：Invalid block tag on line 122: 'endif', expected 'empty' or 'endfor'. Did you forget to register or load this tag?
        user_id:2
        発生時刻：2024-03-29 13:17:32
        経路:Traceback (most recent call last):
  File "C:\Users\PC_User\AppData\Local\Programs\Python\Python311\.toukiAi\Lib\site-packages\django\template\base.py", line 505, in parse
    compile_func = self.tags[command]
                   ~~~~~~~~~^^^^^^^^^
KeyError: 'endif'

During handling of the above exception, another exception occurred:

Traceback (most recent call last):
  File "C:\Users\PC_User\AppData\Local\Programs\Python\Python311\toukiAi\toukiApp\views.py", line 2403, in step_division_agreement
    return render(request, "toukiApp/step_division_agreement.html", context)
           ^^^^^^^^^^^^^^^^^^^^^^^^^^^^^^^^^^^^^^^^^^^^^^^^^^^^^^^^^^^^^^^^^
  File "C:\Users\PC_User\AppData\Local\Programs\Python\Python311\.toukiAi\Lib\site-packages\django\shortcuts.py", line 24, in render
    content = loader.render_to_string(template_name, context, request, using=using)
              ^^^^^^^^^^^^^^^^^^^^^^^^^^^^^^^^^^^^^^^^^^^^^^^^^^^^^^^^^^^^^^^^^^^^^
  File "C:\Users\PC_User\AppData\Local\Programs\Python\Python311\.toukiAi\Lib\site-packages\django\template\loader.py", line 61, in render_to_string
    template = get_template(template_name, using=using)
               ^^^^^^^^^^^^^^^^^^^^^^^^^^^^^^^^^^^^^^^^
  File "C:\Users\PC_User\AppData\Local\Programs\Python\Python311\.toukiAi\Lib\site-packages\django\template\loader.py", line 15, in get_template
    return engine.get_template(template_name)
           ^^^^^^^^^^^^^^^^^^^^^^^^^^^^^^^^^^
  File "C:\Users\PC_User\AppData\Local\Programs\Python\Python311\.toukiAi\Lib\site-packages\django\template\backends\django.py", line 33, in get_template
    return Template(self.engine.get_template(template_name), self)
                    ^^^^^^^^^^^^^^^^^^^^^^^^^^^^^^^^^^^^^^^
  File "C:\Users\PC_User\AppData\Local\Programs\Python\Python311\.toukiAi\Lib\site-packages\django\template\engine.py", line 175, in get_template
    template, origin = self.find_template(template_name)
                       ^^^^^^^^^^^^^^^^^^^^^^^^^^^^^^^^^
  File "C:\Users\PC_User\AppData\Local\Programs\Python\Python311\.toukiAi\Lib\site-packages\django\template\engine.py", line 157, in find_template
    template = loader.get_template(name, skip=skip)
               ^^^^^^^^^^^^^^^^^^^^^^^^^^^^^^^^^^^^
  File "C:\Users\PC_User\AppData\Local\Programs\Python\Python311\.toukiAi\Lib\site-packages\django\template\loaders\cached.py", line 57, in get_template
    template = super().get_template(template_name, skip)
               ^^^^^^^^^^^^^^^^^^^^^^^^^^^^^^^^^^^^^^^^^
  File "C:\Users\PC_User\AppData\Local\Programs\Python\Python311\.toukiAi\Lib\site-packages\django\template\loaders\base.py", line 28, in get_template
    return Template(
           ^^^^^^^^^
  File "C:\Users\PC_User\AppData\Local\Programs\Python\Python311\.toukiAi\Lib\site-packages\django\template\base.py", line 154, in __init__
    self.nodelist = self.compile_nodelist()
                    ^^^^^^^^^^^^^^^^^^^^^^^
  File "C:\Users\PC_User\AppData\Local\Programs\Python\Python311\.toukiAi\Lib\site-packages\django\template\base.py", line 200, in compile_nodelist
    return parser.parse()
           ^^^^^^^^^^^^^^
  File "C:\Users\PC_User\AppData\Local\Programs\Python\Python311\.toukiAi\Lib\site-packages\django\template\base.py", line 513, in parse
    raise self.error(token, e)
  File "C:\Users\PC_User\AppData\Local\Programs\Python\Python311\.toukiAi\Lib\site-packages\django\template\base.py", line 511, in parse
    compiled_result = compile_func(self, token)
                      ^^^^^^^^^^^^^^^^^^^^^^^^^
  File "C:\Users\PC_User\AppData\Local\Programs\Python\Python311\.toukiAi\Lib\site-packages\django\template\loader_tags.py", line 293, in do_extends
    nodelist = parser.parse()
               ^^^^^^^^^^^^^^
  File "C:\Users\PC_User\AppData\Local\Programs\Python\Python311\.toukiAi\Lib\site-packages\django\template\base.py", line 513, in parse
    raise self.error(token, e)
  File "C:\Users\PC_User\AppData\Local\Programs\Python\Python311\.toukiAi\Lib\site-packages\django\template\base.py", line 511, in parse
    compiled_result = compile_func(self, token)
                      ^^^^^^^^^^^^^^^^^^^^^^^^^
  File "C:\Users\PC_User\AppData\Local\Programs\Python\Python311\.toukiAi\Lib\site-packages\django\template\loader_tags.py", line 232, in do_block
    nodelist = parser.parse(("endblock",))
               ^^^^^^^^^^^^^^^^^^^^^^^^^^^
  File "C:\Users\PC_User\AppData\Local\Programs\Python\Python311\.toukiAi\Lib\site-packages\django\template\base.py", line 513, in parse
    raise self.error(token, e)
  File "C:\Users\PC_User\AppData\Local\Programs\Python\Python311\.toukiAi\Lib\site-packages\django\template\base.py", line 511, in parse
    compiled_result = compile_func(self, token)
                      ^^^^^^^^^^^^^^^^^^^^^^^^^
  File "C:\Users\PC_User\AppData\Local\Programs\Python\Python311\.toukiAi\Lib\site-packages\django\template\defaulttags.py", line 953, in do_if
    nodelist = parser.parse(("elif", "else", "endif"))
               ^^^^^^^^^^^^^^^^^^^^^^^^^^^^^^^^^^^^^^^
  File "C:\Users\PC_User\AppData\Local\Programs\Python\Python311\.toukiAi\Lib\site-packages\django\template\base.py", line 513, in parse
    raise self.error(token, e)
  File "C:\Users\PC_User\AppData\Local\Programs\Python\Python311\.toukiAi\Lib\site-packages\django\template\base.py", line 511, in parse
    compiled_result = compile_func(self, token)
                      ^^^^^^^^^^^^^^^^^^^^^^^^^
  File "C:\Users\PC_User\AppData\Local\Programs\Python\Python311\.toukiAi\Lib\site-packages\django\template\defaulttags.py", line 853, in do_for
    nodelist_loop = parser.parse(
                    ^^^^^^^^^^^^^
  File "C:\Users\PC_User\AppData\Local\Programs\Python\Python311\.toukiAi\Lib\site-packages\django\template\base.py", line 513, in parse
    raise self.error(token, e)
  File "C:\Users\PC_User\AppData\Local\Programs\Python\Python311\.toukiAi\Lib\site-packages\django\template\base.py", line 511, in parse
    compiled_result = compile_func(self, token)
                      ^^^^^^^^^^^^^^^^^^^^^^^^^
  File "C:\Users\PC_User\AppData\Local\Programs\Python\Python311\.toukiAi\Lib\site-packages\django\template\defaulttags.py", line 853, in do_for
    nodelist_loop = parser.parse(
                    ^^^^^^^^^^^^^
  File "C:\Users\PC_User\AppData\Local\Programs\Python\Python311\.toukiAi\Lib\site-packages\django\template\base.py", line 513, in parse
    raise self.error(token, e)
  File "C:\Users\PC_User\AppData\Local\Programs\Python\Python311\.toukiAi\Lib\site-packages\django\template\base.py", line 511, in parse
    compiled_result = compile_func(self, token)
                      ^^^^^^^^^^^^^^^^^^^^^^^^^
  File "C:\Users\PC_User\AppData\Local\Programs\Python\Python311\.toukiAi\Lib\site-packages\django\template\defaulttags.py", line 953, in do_if
    nodelist = parser.parse(("elif", "else", "endif"))
               ^^^^^^^^^^^^^^^^^^^^^^^^^^^^^^^^^^^^^^^
  File "C:\Users\PC_User\AppData\Local\Programs\Python\Python311\.toukiAi\Lib\site-packages\django\template\base.py", line 513, in parse
    raise self.error(token, e)
  File "C:\Users\PC_User\AppData\Local\Programs\Python\Python311\.toukiAi\Lib\site-packages\django\template\base.py", line 511, in parse
    compiled_result = compile_func(self, token)
                      ^^^^^^^^^^^^^^^^^^^^^^^^^
  File "C:\Users\PC_User\AppData\Local\Programs\Python\Python311\.toukiAi\Lib\site-packages\django\template\defaulttags.py", line 853, in do_for
    nodelist_loop = parser.parse(
                    ^^^^^^^^^^^^^
  File "C:\Users\PC_User\AppData\Local\Programs\Python\Python311\.toukiAi\Lib\site-packages\django\template\base.py", line 507, in parse
    self.invalid_block_tag(token, command, parse_until)
  File "C:\Users\PC_User\AppData\Local\Programs\Python\Python311\.toukiAi\Lib\site-packages\django\template\base.py", line 558, in invalid_block_tag
    raise self.error(
django.template.exceptions.TemplateSyntaxError: Invalid block tag on line 122: 'endif', expected 'empty' or 'endfor'. Did you forget to register or load this tag?

Internal Server Error: /toukiApp/step_division_agreement
Not Found: /favicon.ico
Not Found: /favicon.ico
Not Found: /favicon.ico
Not Found: /favicon.ico
Not Found: /favicon.ico
Not Found: /favicon.ico
couldn't import psycopg 'c' implementation: No module named 'psycopg_c'
couldn't import psycopg 'c' implementation: No module named 'psycopg_c'
Watching for file changes with StatReloader
C:\Users\PC_User\AppData\Local\Programs\Python\Python311\toukiAi\toukiApp\views.py changed, reloading.
couldn't import psycopg 'c' implementation: No module named 'psycopg_c'
Watching for file changes with StatReloader
couldn't import psycopg 'c' implementation: No module named 'psycopg_c'
couldn't import psycopg 'c' implementation: No module named 'psycopg_c'
Watching for file changes with StatReloader
Starting new HTTPS connection (1): www.land.mlit.go.jp:443
https://www.land.mlit.go.jp:443 "GET /webland/api/CitySearch?area=01 HTTP/1.1" 200 1719
Starting new HTTPS connection (1): www.land.mlit.go.jp:443
https://www.land.mlit.go.jp:443 "GET /webland/api/CitySearch?area=01 HTTP/1.1" 200 1719
